[D: 2017-05-12 16:37:09,619] [P: INFO ] [C: ] [T: main] [L: io.oasp.gastronomy.restaurant.SpringBootApp] - [M: Starting SpringBootApp on CE18622 with PID 11228 (C:\Projects\AppsEvolve\devon-training\workspaces\day2\oasp4j\samples\server\eclipse-target\classes started by jmolinar in C:\Projects\AppsEvolve\devon-training\workspaces\day2\oasp4j\samples\server)]
[D: 2017-05-12 16:37:09,619] [P: INFO ] [C: ] [T: main] [L: io.oasp.gastronomy.restaurant.SpringBootApp] - [M: The following profiles are active: h2mem]
[D: 2017-05-12 16:37:09,697] [P: INFO ] [C: ] [T: main] [L: org.springframework.boot.context.embedded.AnnotationConfigEmbeddedWebApplicationContext] - [M: Refreshing org.springframework.boot.context.embedded.AnnotationConfigEmbeddedWebApplicationContext@54c562f7: startup date [Fri May 12 16:37:09 CEST 2017]; root of context hierarchy]
[D: 2017-05-12 16:37:09,916] [P: INFO ] [C: ] [T: background-preinit] [L: org.hibernate.validator.internal.util.Version] - [M: HV000001: Hibernate Validator 5.2.4.Final]
[D: 2017-05-12 16:37:11,647] [P: INFO ] [C: ] [T: main] [L: org.springframework.beans.factory.xml.XmlBeanDefinitionReader] - [M: Loading XML bean definitions from class path resource [META-INF/cxf/cxf.xml]]
[D: 2017-05-12 16:37:11,789] [P: INFO ] [C: ] [T: main] [L: org.springframework.beans.factory.support.DefaultListableBeanFactory] - [M: Overriding bean definition for bean 'cxf' with a different definition: replacing [Root bean: class [null]; scope=; abstract=false; lazyInit=false; autowireMode=3; dependencyCheck=0; autowireCandidate=true; primary=false; factoryBeanName=serviceConfig; factoryMethodName=springBus; initMethodName=null; destroyMethodName=(inferred); defined in class path resource [io/oasp/gastronomy/restaurant/general/service/impl/config/ServiceConfig.class]] with [Generic bean: class [org.apache.cxf.bus.spring.SpringBus]; scope=; abstract=false; lazyInit=false; autowireMode=0; dependencyCheck=0; autowireCandidate=true; primary=false; factoryBeanName=null; factoryMethodName=null; initMethodName=null; destroyMethodName=shutdown; defined in class path resource [META-INF/cxf/cxf.xml]]]
[D: 2017-05-12 16:37:11,991] [P: INFO ] [C: ] [T: main] [L: org.springframework.beans.factory.config.PropertiesFactoryBean] - [M: Loading properties file from URL [jar:file:/C:/Projects/AppsEvolve/devon-training/conf/.m2/repository/org/springframework/integration/spring-integration-core/4.2.9.RELEASE/spring-integration-core-4.2.9.RELEASE.jar!/META-INF/spring.integration.default.properties]]
[D: 2017-05-12 16:37:11,991] [P: INFO ] [C: ] [T: main] [L: org.springframework.integration.config.IntegrationRegistrar] - [M: No bean named 'integrationHeaderChannelRegistry' has been explicitly defined. Therefore, a default DefaultHeaderChannelRegistry will be created.]
[D: 2017-05-12 16:37:12,428] [P: INFO ] [C: ] [T: main] [L: org.springframework.integration.config.DefaultConfiguringBeanFactoryPostProcessor] - [M: No bean named 'errorChannel' has been explicitly defined. Therefore, a default PublishSubscribeChannel will be created.]
[D: 2017-05-12 16:37:12,444] [P: INFO ] [C: ] [T: main] [L: org.springframework.integration.config.DefaultConfiguringBeanFactoryPostProcessor] - [M: No bean named 'taskScheduler' has been explicitly defined. Therefore, a default ThreadPoolTaskScheduler will be created.]
[D: 2017-05-12 16:37:12,459] [P: INFO ] [C: ] [T: main] [L: org.springframework.beans.factory.annotation.AutowiredAnnotationBeanPostProcessor] - [M: JSR-330 'javax.inject.Inject' annotation found and supported for autowiring]
[D: 2017-05-12 16:37:12,537] [P: INFO ] [C: ] [T: main] [L: org.springframework.context.support.PostProcessorRegistrationDelegate$BeanPostProcessorChecker] - [M: Bean 'ApplicationObjectMapperFactory' of type [class io.oasp.gastronomy.restaurant.general.service.impl.rest.ApplicationObjectMapperFactory] is not eligible for getting processed by all BeanPostProcessors (for example: not eligible for auto-proxying)]
[D: 2017-05-12 16:37:12,537] [P: INFO ] [C: ] [T: main] [L: org.springframework.context.support.PostProcessorRegistrationDelegate$BeanPostProcessorChecker] - [M: Bean 'serviceConfig' of type [class io.oasp.gastronomy.restaurant.general.service.impl.config.ServiceConfig$$EnhancerBySpringCGLIB$$9b50d039] is not eligible for getting processed by all BeanPostProcessors (for example: not eligible for auto-proxying)]
[D: 2017-05-12 16:37:12,537] [P: INFO ] [C: ] [T: main] [L: org.springframework.context.support.PostProcessorRegistrationDelegate$BeanPostProcessorChecker] - [M: Bean 'org.springframework.ws.config.annotation.DelegatingWsConfiguration' of type [class org.springframework.ws.config.annotation.DelegatingWsConfiguration$$EnhancerBySpringCGLIB$$f5187458] is not eligible for getting processed by all BeanPostProcessors (for example: not eligible for auto-proxying)]
[D: 2017-05-12 16:37:12,569] [P: INFO ] [C: ] [T: main] [L: org.springframework.ws.soap.addressing.server.AnnotationActionEndpointMapping] - [M: Supporting [WS-Addressing August 2004, WS-Addressing 1.0]]
[D: 2017-05-12 16:37:12,725] [P: INFO ] [C: ] [T: main] [L: org.springframework.context.support.PostProcessorRegistrationDelegate$BeanPostProcessorChecker] - [M: Bean 'org.springframework.boot.autoconfigure.flyway.FlywayAutoConfiguration' of type [class org.springframework.boot.autoconfigure.flyway.FlywayAutoConfiguration$$EnhancerBySpringCGLIB$$7afa46c3] is not eligible for getting processed by all BeanPostProcessors (for example: not eligible for auto-proxying)]
[D: 2017-05-12 16:37:12,726] [P: INFO ] [C: ] [T: main] [L: org.springframework.context.support.PostProcessorRegistrationDelegate$BeanPostProcessorChecker] - [M: Bean 'org.springframework.security.config.annotation.method.configuration.Jsr250MetadataSourceConfiguration' of type [class org.springframework.security.config.annotation.method.configuration.Jsr250MetadataSourceConfiguration$$EnhancerBySpringCGLIB$$3358325b] is not eligible for getting processed by all BeanPostProcessors (for example: not eligible for auto-proxying)]
[D: 2017-05-12 16:37:12,726] [P: INFO ] [C: ] [T: main] [L: org.springframework.context.support.PostProcessorRegistrationDelegate$BeanPostProcessorChecker] - [M: Bean 'org.springframework.transaction.annotation.ProxyTransactionManagementConfiguration' of type [class org.springframework.transaction.annotation.ProxyTransactionManagementConfiguration$$EnhancerBySpringCGLIB$$5080af59] is not eligible for getting processed by all BeanPostProcessors (for example: not eligible for auto-proxying)]
[D: 2017-05-12 16:37:12,772] [P: INFO ] [C: ] [T: main] [L: org.springframework.context.support.PostProcessorRegistrationDelegate$BeanPostProcessorChecker] - [M: Bean 'jsr250MethodSecurityMetadataSource' of type [class org.springframework.security.access.annotation.Jsr250MethodSecurityMetadataSource] is not eligible for getting processed by all BeanPostProcessors (for example: not eligible for auto-proxying)]
[D: 2017-05-12 16:37:12,788] [P: INFO ] [C: ] [T: main] [L: org.springframework.context.support.PostProcessorRegistrationDelegate$BeanPostProcessorChecker] - [M: Bean 'org.springframework.security.config.annotation.configuration.ObjectPostProcessorConfiguration' of type [class org.springframework.security.config.annotation.configuration.ObjectPostProcessorConfiguration$$EnhancerBySpringCGLIB$$e92e7793] is not eligible for getting processed by all BeanPostProcessors (for example: not eligible for auto-proxying)]
[D: 2017-05-12 16:37:12,788] [P: INFO ] [C: ] [T: main] [L: org.springframework.context.support.PostProcessorRegistrationDelegate$BeanPostProcessorChecker] - [M: Bean 'objectPostProcessor' of type [class org.springframework.security.config.annotation.configuration.AutowireBeanFactoryObjectPostProcessor] is not eligible for getting processed by all BeanPostProcessors (for example: not eligible for auto-proxying)]
[D: 2017-05-12 16:37:12,788] [P: INFO ] [C: ] [T: main] [L: org.springframework.context.support.PostProcessorRegistrationDelegate$BeanPostProcessorChecker] - [M: Bean 'org.springframework.security.access.expression.method.DefaultMethodSecurityExpressionHandler@3a543f31' of type [class org.springframework.security.access.expression.method.DefaultMethodSecurityExpressionHandler] is not eligible for getting processed by all BeanPostProcessors (for example: not eligible for auto-proxying)]
[D: 2017-05-12 16:37:12,804] [P: INFO ] [C: ] [T: main] [L: org.springframework.context.support.PostProcessorRegistrationDelegate$BeanPostProcessorChecker] - [M: Bean 'org.springframework.security.config.annotation.method.configuration.GlobalMethodSecurityConfiguration' of type [class org.springframework.security.config.annotation.method.configuration.GlobalMethodSecurityConfiguration$$EnhancerBySpringCGLIB$$e031a45] is not eligible for getting processed by all BeanPostProcessors (for example: not eligible for auto-proxying)]
[D: 2017-05-12 16:37:12,804] [P: INFO ] [C: ] [T: main] [L: org.springframework.context.support.PostProcessorRegistrationDelegate$BeanPostProcessorChecker] - [M: Bean 'methodSecurityMetadataSource' of type [class org.springframework.security.access.method.DelegatingMethodSecurityMetadataSource] is not eligible for getting processed by all BeanPostProcessors (for example: not eligible for auto-proxying)]
[D: 2017-05-12 16:37:12,819] [P: INFO ] [C: ] [T: main] [L: org.springframework.context.support.PostProcessorRegistrationDelegate$BeanPostProcessorChecker] - [M: Bean 'stringOrNumberMigrationVersionConverter' of type [class org.springframework.boot.autoconfigure.flyway.FlywayAutoConfiguration$StringOrNumberToMigrationVersionConverter] is not eligible for getting processed by all BeanPostProcessors (for example: not eligible for auto-proxying)]
[D: 2017-05-12 16:37:12,897] [P: INFO ] [C: ] [T: main] [L: org.springframework.context.support.PostProcessorRegistrationDelegate$BeanPostProcessorChecker] - [M: Bean 'spring.datasource.CONFIGURATION_PROPERTIES' of type [class org.springframework.boot.autoconfigure.jdbc.DataSourceProperties] is not eligible for getting processed by all BeanPostProcessors (for example: not eligible for auto-proxying)]
[D: 2017-05-12 16:37:12,897] [P: INFO ] [C: ] [T: main] [L: org.springframework.context.support.PostProcessorRegistrationDelegate$BeanPostProcessorChecker] - [M: Bean 'org.springframework.boot.autoconfigure.jdbc.DataSourceAutoConfiguration$NonEmbeddedConfiguration' of type [class org.springframework.boot.autoconfigure.jdbc.DataSourceAutoConfiguration$NonEmbeddedConfiguration] is not eligible for getting processed by all BeanPostProcessors (for example: not eligible for auto-proxying)]
[D: 2017-05-12 16:37:12,960] [P: INFO ] [C: ] [T: main] [L: org.springframework.context.support.PostProcessorRegistrationDelegate$BeanPostProcessorChecker] - [M: Bean 'dataSource' of type [class org.apache.tomcat.jdbc.pool.DataSource] is not eligible for getting processed by all BeanPostProcessors (for example: not eligible for auto-proxying)]
[D: 2017-05-12 16:37:12,960] [P: INFO ] [C: ] [T: main] [L: org.springframework.context.support.PostProcessorRegistrationDelegate$BeanPostProcessorChecker] - [M: Bean 'org.springframework.boot.autoconfigure.jdbc.DataSourceAutoConfiguration$DataSourceInitializerConfiguration' of type [class org.springframework.boot.autoconfigure.jdbc.DataSourceAutoConfiguration$DataSourceInitializerConfiguration$$EnhancerBySpringCGLIB$$436f980] is not eligible for getting processed by all BeanPostProcessors (for example: not eligible for auto-proxying)]
[D: 2017-05-12 16:37:12,975] [P: INFO ] [C: ] [T: main] [L: org.springframework.context.support.PostProcessorRegistrationDelegate$BeanPostProcessorChecker] - [M: Bean 'dataSourceInitializer' of type [class org.springframework.boot.autoconfigure.jdbc.DataSourceInitializer] is not eligible for getting processed by all BeanPostProcessors (for example: not eligible for auto-proxying)]
[D: 2017-05-12 16:37:13,006] [P: INFO ] [C: ] [T: main] [L: org.springframework.context.support.PostProcessorRegistrationDelegate$BeanPostProcessorChecker] - [M: Bean 'spring.jpa.CONFIGURATION_PROPERTIES' of type [class org.springframework.boot.autoconfigure.orm.jpa.JpaProperties] is not eligible for getting processed by all BeanPostProcessors (for example: not eligible for auto-proxying)]
[D: 2017-05-12 16:37:13,006] [P: INFO ] [C: ] [T: main] [L: org.springframework.context.support.PostProcessorRegistrationDelegate$BeanPostProcessorChecker] - [M: Bean 'org.springframework.boot.autoconfigure.orm.jpa.HibernateJpaAutoConfiguration' of type [class org.springframework.boot.autoconfigure.orm.jpa.HibernateJpaAutoConfiguration$$EnhancerBySpringCGLIB$$ba071379] is not eligible for getting processed by all BeanPostProcessors (for example: not eligible for auto-proxying)]
[D: 2017-05-12 16:37:13,053] [P: INFO ] [C: ] [T: main] [L: org.springframework.context.support.PostProcessorRegistrationDelegate$BeanPostProcessorChecker] - [M: Bean 'flyway.CONFIGURATION_PROPERTIES' of type [class org.springframework.boot.autoconfigure.flyway.FlywayProperties] is not eligible for getting processed by all BeanPostProcessors (for example: not eligible for auto-proxying)]
[D: 2017-05-12 16:37:13,053] [P: INFO ] [C: ] [T: main] [L: org.springframework.context.support.PostProcessorRegistrationDelegate$BeanPostProcessorChecker] - [M: Bean 'org.springframework.boot.autoconfigure.flyway.FlywayAutoConfiguration$FlywayConfiguration' of type [class org.springframework.boot.autoconfigure.flyway.FlywayAutoConfiguration$FlywayConfiguration$$EnhancerBySpringCGLIB$$d07e7cf9] is not eligible for getting processed by all BeanPostProcessors (for example: not eligible for auto-proxying)]
[D: 2017-05-12 16:37:13,069] [P: WARN ] [C: ] [T: main] [L: org.flywaydb.core.internal.util.Locations] - [M: Discarding location 'classpath:db/migration/h2' as it is a sublocation of 'classpath:db/migration']
[D: 2017-05-12 16:37:13,084] [P: WARN ] [C: ] [T: main] [L: org.flywaydb.core.internal.util.Locations] - [M: Discarding location 'classpath:db/migration/h2' as it is a sublocation of 'classpath:db/migration']
[D: 2017-05-12 16:37:13,084] [P: INFO ] [C: ] [T: main] [L: org.springframework.context.support.PostProcessorRegistrationDelegate$BeanPostProcessorChecker] - [M: Bean 'flyway' of type [class org.flywaydb.core.Flyway] is not eligible for getting processed by all BeanPostProcessors (for example: not eligible for auto-proxying)]
[D: 2017-05-12 16:37:13,100] [P: INFO ] [C: ] [T: main] [L: org.flywaydb.core.internal.util.VersionPrinter] - [M: Flyway 3.2.1 by Boxfuse]
[D: 2017-05-12 16:37:13,272] [P: INFO ] [C: ] [T: main] [L: org.flywaydb.core.internal.dbsupport.DbSupportFactory] - [M: Database: jdbc:h2:mem:app (H2 1.4)]
[D: 2017-05-12 16:37:13,318] [P: INFO ] [C: ] [T: main] [L: org.flywaydb.core.internal.command.DbValidate] - [M: Validated 4 migrations (execution time 00:00.015s)]
[D: 2017-05-12 16:37:13,334] [P: INFO ] [C: ] [T: main] [L: org.flywaydb.core.internal.metadatatable.MetaDataTableImpl] - [M: Creating Metadata table: "PUBLIC"."schema_version"]
[D: 2017-05-12 16:37:13,350] [P: INFO ] [C: ] [T: main] [L: org.flywaydb.core.internal.command.DbMigrate] - [M: Current version of schema "PUBLIC": << Empty Schema >>]
[D: 2017-05-12 16:37:13,350] [P: INFO ] [C: ] [T: main] [L: org.flywaydb.core.internal.command.DbMigrate] - [M: Migrating schema "PUBLIC" to version 0001 - R001 Create schema]
[D: 2017-05-12 16:37:13,396] [P: INFO ] [C: ] [T: main] [L: org.flywaydb.core.internal.command.DbMigrate] - [M: Migrating schema "PUBLIC" to version 0002 - R001 Master data]
[D: 2017-05-12 16:37:13,412] [P: INFO ] [C: ] [T: main] [L: org.flywaydb.core.internal.command.DbMigrate] - [M: Migrating schema "PUBLIC" to version 0003 - R001 Add blob table and data]
[D: 2017-05-12 16:37:13,443] [P: INFO ] [C: ] [T: main] [L: org.flywaydb.core.internal.command.DbMigrate] - [M: Migrating schema "PUBLIC" to version 0004 - R001 Add batch tables]
[D: 2017-05-12 16:37:13,474] [P: INFO ] [C: ] [T: main] [L: org.flywaydb.core.internal.command.DbMigrate] - [M: Successfully applied 4 migrations to schema "PUBLIC" (execution time 00:00.140s).]
[D: 2017-05-12 16:37:13,474] [P: INFO ] [C: ] [T: main] [L: org.springframework.context.support.PostProcessorRegistrationDelegate$BeanPostProcessorChecker] - [M: Bean 'flywayInitializer' of type [class org.springframework.boot.autoconfigure.flyway.FlywayMigrationInitializer] is not eligible for getting processed by all BeanPostProcessors (for example: not eligible for auto-proxying)]
[D: 2017-05-12 16:37:13,506] [P: INFO ] [C: ] [T: main] [L: org.springframework.context.support.PostProcessorRegistrationDelegate$BeanPostProcessorChecker] - [M: Bean 'jpaVendorAdapter' of type [class org.springframework.orm.jpa.vendor.HibernateJpaVendorAdapter] is not eligible for getting processed by all BeanPostProcessors (for example: not eligible for auto-proxying)]
[D: 2017-05-12 16:37:13,506] [P: INFO ] [C: ] [T: main] [L: org.springframework.context.support.PostProcessorRegistrationDelegate$BeanPostProcessorChecker] - [M: Bean 'entityManagerFactoryBuilder' of type [class org.springframework.boot.orm.jpa.EntityManagerFactoryBuilder] is not eligible for getting processed by all BeanPostProcessors (for example: not eligible for auto-proxying)]
[D: 2017-05-12 16:37:13,755] [P: INFO ] [C: ] [T: main] [L: org.springframework.orm.jpa.LocalContainerEntityManagerFactoryBean] - [M: Building JPA container EntityManagerFactory for persistence unit 'default']
[D: 2017-05-12 16:37:13,789] [P: INFO ] [C: ] [T: main] [L: org.hibernate.jpa.internal.util.LogHelper] - [M: HHH000204: Processing PersistenceUnitInfo [ | 	name: default | 	...]]
[D: 2017-05-12 16:37:13,930] [P: INFO ] [C: ] [T: main] [L: org.hibernate.Version] - [M: HHH000412: Hibernate Core {4.3.11.Final}]
[D: 2017-05-12 16:37:13,930] [P: INFO ] [C: ] [T: main] [L: org.hibernate.cfg.Environment] - [M: HHH000206: hibernate.properties not found]
[D: 2017-05-12 16:37:13,930] [P: INFO ] [C: ] [T: main] [L: org.hibernate.cfg.Environment] - [M: HHH000021: Bytecode provider name : javassist]
[D: 2017-05-12 16:37:14,320] [P: INFO ] [C: ] [T: main] [L: org.hibernate.annotations.common.Version] - [M: HCANN000001: Hibernate Commons Annotations {4.0.5.Final}]
[D: 2017-05-12 16:37:14,445] [P: INFO ] [C: ] [T: main] [L: org.hibernate.dialect.Dialect] - [M: HHH000400: Using dialect: org.hibernate.dialect.H2Dialect]
[D: 2017-05-12 16:37:14,632] [P: INFO ] [C: ] [T: main] [L: org.hibernate.hql.internal.ast.ASTQueryTranslatorFactory] - [M: HHH000397: Using ASTQueryTranslatorFactory]
[D: 2017-05-12 16:37:15,256] [P: INFO ] [C: ] [T: main] [L: org.hibernate.tool.hbm2ddl.SchemaValidator] - [M: HHH000229: Running schema validator]
[D: 2017-05-12 16:37:15,256] [P: INFO ] [C: ] [T: main] [L: org.hibernate.tool.hbm2ddl.SchemaValidator] - [M: HHH000102: Fetching database metadata]
[D: 2017-05-12 16:37:15,256] [P: INFO ] [C: ] [T: main] [L: org.hibernate.tool.hbm2ddl.TableMetadata] - [M: HHH000261: Table found: APP.PUBLIC.BILL]
[D: 2017-05-12 16:37:15,256] [P: INFO ] [C: ] [T: main] [L: org.hibernate.tool.hbm2ddl.TableMetadata] - [M: HHH000037: Columns: [total, tip, id, modificationcounter, payed]]
[D: 2017-05-12 16:37:15,256] [P: INFO ] [C: ] [T: main] [L: org.hibernate.tool.hbm2ddl.TableMetadata] - [M: HHH000261: Table found: APP.PUBLIC.BILLORDERPOSITION]
[D: 2017-05-12 16:37:15,256] [P: INFO ] [C: ] [T: main] [L: org.hibernate.tool.hbm2ddl.TableMetadata] - [M: HHH000037: Columns: [orderpositionsid, billid]]
[D: 2017-05-12 16:37:15,256] [P: INFO ] [C: ] [T: main] [L: org.hibernate.tool.hbm2ddl.TableMetadata] - [M: HHH000261: Table found: APP.PUBLIC.BINARYOBJECT]
[D: 2017-05-12 16:37:15,256] [P: INFO ] [C: ] [T: main] [L: org.hibernate.tool.hbm2ddl.TableMetadata] - [M: HHH000037: Columns: [data, size, mimetype, id, modificationcounter]]
[D: 2017-05-12 16:37:15,256] [P: INFO ] [C: ] [T: main] [L: org.hibernate.tool.hbm2ddl.TableMetadata] - [M: HHH000261: Table found: APP.PUBLIC.OFFER]
[D: 2017-05-12 16:37:15,256] [P: INFO ] [C: ] [T: main] [L: org.hibernate.tool.hbm2ddl.TableMetadata] - [M: HHH000037: Columns: [sidedishid, number, drinkid, mealid, price, name, description, id, state, modificationcounter]]
[D: 2017-05-12 16:37:15,256] [P: INFO ] [C: ] [T: main] [L: org.hibernate.tool.hbm2ddl.TableMetadata] - [M: HHH000261: Table found: APP.PUBLIC.ORDERPOSITION]
[D: 2017-05-12 16:37:15,256] [P: INFO ] [C: ] [T: main] [L: org.hibernate.tool.hbm2ddl.TableMetadata] - [M: HHH000037: Columns: [cookid, offername, orderid, price, offerid, comment, drinkstate, id, state, modificationcounter]]
[D: 2017-05-12 16:37:15,257] [P: INFO ] [C: ] [T: main] [L: org.hibernate.tool.hbm2ddl.TableMetadata] - [M: HHH000261: Table found: APP.PUBLIC.PRODUCT]
[D: 2017-05-12 16:37:15,257] [P: INFO ] [C: ] [T: main] [L: org.hibernate.tool.hbm2ddl.TableMetadata] - [M: HHH000037: Columns: [pictureid, alcoholic, name, dtype, description, id, modificationcounter]]
[D: 2017-05-12 16:37:15,257] [P: INFO ] [C: ] [T: main] [L: org.hibernate.tool.hbm2ddl.TableMetadata] - [M: HHH000261: Table found: APP.PUBLIC.PRODUCT_AUD]
[D: 2017-05-12 16:37:15,257] [P: INFO ] [C: ] [T: main] [L: org.hibernate.tool.hbm2ddl.TableMetadata] - [M: HHH000037: Columns: [rev, pictureid, alcoholic, revtype, name, description, dtype, id]]
[D: 2017-05-12 16:37:15,257] [P: INFO ] [C: ] [T: main] [L: org.hibernate.tool.hbm2ddl.TableMetadata] - [M: HHH000261: Table found: APP.PUBLIC.RESTAURANTORDER]
[D: 2017-05-12 16:37:15,257] [P: INFO ] [C: ] [T: main] [L: org.hibernate.tool.hbm2ddl.TableMetadata] - [M: HHH000037: Columns: [tableid, id, state, modificationcounter]]
[D: 2017-05-12 16:37:15,257] [P: INFO ] [C: ] [T: main] [L: org.hibernate.tool.hbm2ddl.TableMetadata] - [M: HHH000261: Table found: APP.PUBLIC.RESTAURANTTABLE]
[D: 2017-05-12 16:37:15,257] [P: INFO ] [C: ] [T: main] [L: org.hibernate.tool.hbm2ddl.TableMetadata] - [M: HHH000037: Columns: [number, waiterid, id, state, modificationcounter]]
[D: 2017-05-12 16:37:15,257] [P: INFO ] [C: ] [T: main] [L: org.hibernate.tool.hbm2ddl.TableMetadata] - [M: HHH000261: Table found: APP.PUBLIC.REVINFO]
[D: 2017-05-12 16:37:15,257] [P: INFO ] [C: ] [T: main] [L: org.hibernate.tool.hbm2ddl.TableMetadata] - [M: HHH000037: Columns: [id, timestamp, userlogin]]
[D: 2017-05-12 16:37:15,257] [P: INFO ] [C: ] [T: main] [L: org.hibernate.tool.hbm2ddl.TableMetadata] - [M: HHH000261: Table found: APP.PUBLIC.STAFFMEMBER]
[D: 2017-05-12 16:37:15,257] [P: INFO ] [C: ] [T: main] [L: org.hibernate.tool.hbm2ddl.TableMetadata] - [M: HHH000037: Columns: [firstname, role, id, login, modificationcounter, lastname]]
[D: 2017-05-12 16:37:15,444] [P: INFO ] [C: ] [T: main] [L: org.springframework.context.support.PostProcessorRegistrationDelegate$BeanPostProcessorChecker] - [M: Bean 'entityManagerFactory' of type [class org.springframework.orm.jpa.LocalContainerEntityManagerFactoryBean] is not eligible for getting processed by all BeanPostProcessors (for example: not eligible for auto-proxying)]
[D: 2017-05-12 16:37:15,444] [P: INFO ] [C: ] [T: main] [L: org.springframework.context.support.PostProcessorRegistrationDelegate$BeanPostProcessorChecker] - [M: Bean 'entityManagerFactory' of type [class com.sun.proxy.$Proxy87] is not eligible for getting processed by all BeanPostProcessors (for example: not eligible for auto-proxying)]
[D: 2017-05-12 16:37:15,444] [P: INFO ] [C: ] [T: main] [L: org.springframework.context.support.PostProcessorRegistrationDelegate$BeanPostProcessorChecker] - [M: Bean 'transactionManager' of type [class org.springframework.orm.jpa.JpaTransactionManager] is not eligible for getting processed by all BeanPostProcessors (for example: not eligible for auto-proxying)]
[D: 2017-05-12 16:37:15,444] [P: INFO ] [C: ] [T: main] [L: org.springframework.context.support.PostProcessorRegistrationDelegate$BeanPostProcessorChecker] - [M: Bean 'beansBatchConfig' of type [class io.oasp.gastronomy.restaurant.general.batch.impl.config.BeansBatchConfig$$EnhancerBySpringCGLIB$$b5a872ae] is not eligible for getting processed by all BeanPostProcessors (for example: not eligible for auto-proxying)]
[D: 2017-05-12 16:37:15,460] [P: INFO ] [C: ] [T: main] [L: org.springframework.context.support.PostProcessorRegistrationDelegate$BeanPostProcessorChecker] - [M: Bean 'jobRegistry' of type [class org.springframework.batch.core.configuration.support.MapJobRegistry] is not eligible for getting processed by all BeanPostProcessors (for example: not eligible for auto-proxying)]
[D: 2017-05-12 16:37:15,756] [P: INFO ] [C: ] [T: main] [L: org.springframework.boot.context.embedded.tomcat.TomcatEmbeddedServletContainer] - [M: Tomcat initialized with port(s): 8081 (http)]
[D: 2017-05-12 16:37:15,772] [P: INFO ] [C: ] [T: main] [L: org.apache.catalina.core.StandardService] - [M: Starting service Tomcat]
[D: 2017-05-12 16:37:15,772] [P: INFO ] [C: ] [T: main] [L: org.apache.catalina.core.StandardEngine] - [M: Starting Servlet Engine: Apache Tomcat/8.0.37]
[D: 2017-05-12 16:37:16,037] [P: INFO ] [C: ] [T: localhost-startStop-1] [L: org.apache.catalina.core.ContainerBase.[Tomcat].[localhost].[/oasp4j-sample-server]] - [M: Initializing Spring embedded WebApplicationContext]
[D: 2017-05-12 16:37:16,037] [P: INFO ] [C: ] [T: localhost-startStop-1] [L: org.springframework.web.context.ContextLoader] - [M: Root WebApplicationContext: initialization completed in 6340 ms]
[D: 2017-05-12 16:37:16,536] [P: INFO ] [C: ] [T: localhost-startStop-1] [L: org.springframework.boot.context.embedded.FilterRegistrationBean] - [M: Mapping filter: 'metricsFilter' to: [/*]]
[D: 2017-05-12 16:37:16,536] [P: INFO ] [C: ] [T: localhost-startStop-1] [L: org.springframework.boot.context.embedded.FilterRegistrationBean] - [M: Mapping filter: 'characterEncodingFilter' to: [/*]]
[D: 2017-05-12 16:37:16,536] [P: INFO ] [C: ] [T: localhost-startStop-1] [L: org.springframework.boot.context.embedded.FilterRegistrationBean] - [M: Mapping filter: 'hiddenHttpMethodFilter' to: [/*]]
[D: 2017-05-12 16:37:16,536] [P: INFO ] [C: ] [T: localhost-startStop-1] [L: org.springframework.boot.context.embedded.FilterRegistrationBean] - [M: Mapping filter: 'httpPutFormContentFilter' to: [/*]]
[D: 2017-05-12 16:37:16,536] [P: INFO ] [C: ] [T: localhost-startStop-1] [L: org.springframework.boot.context.embedded.FilterRegistrationBean] - [M: Mapping filter: 'requestContextFilter' to: [/*]]
[D: 2017-05-12 16:37:16,536] [P: INFO ] [C: ] [T: localhost-startStop-1] [L: org.springframework.boot.context.embedded.DelegatingFilterProxyRegistrationBean] - [M: Mapping filter: 'springSecurityFilterChain' to: [/*]]
[D: 2017-05-12 16:37:16,536] [P: INFO ] [C: ] [T: localhost-startStop-1] [L: org.springframework.boot.context.embedded.FilterRegistrationBean] - [M: Mapping filter: 'webRequestLoggingFilter' to: [/*]]
[D: 2017-05-12 16:37:16,536] [P: INFO ] [C: ] [T: localhost-startStop-1] [L: org.springframework.boot.context.embedded.FilterRegistrationBean] - [M: Mapping filter: 'performanceLogFilter' to urls: [/*]]
[D: 2017-05-12 16:37:16,536] [P: INFO ] [C: ] [T: localhost-startStop-1] [L: org.springframework.boot.context.embedded.FilterRegistrationBean] - [M: Mapping filter: 'diagnosticContextFilter' to urls: [/services/*]]
[D: 2017-05-12 16:37:16,536] [P: INFO ] [C: ] [T: localhost-startStop-1] [L: org.springframework.boot.context.embedded.FilterRegistrationBean] - [M: Mapping filter: 'setCharacterEncodingFilter' to urls: [/*]]
[D: 2017-05-12 16:37:16,536] [P: INFO ] [C: ] [T: localhost-startStop-1] [L: org.springframework.boot.context.embedded.FilterRegistrationBean] - [M: Mapping filter: 'applicationContextIdFilter' to: [/*]]
[D: 2017-05-12 16:37:16,536] [P: INFO ] [C: ] [T: localhost-startStop-1] [L: org.springframework.boot.context.embedded.ServletRegistrationBean] - [M: Mapping servlet: 'CXFServlet' to [/services/*]]
[D: 2017-05-12 16:37:16,536] [P: INFO ] [C: ] [T: localhost-startStop-1] [L: org.springframework.boot.context.embedded.ServletRegistrationBean] - [M: Mapping servlet: 'dispatcherServlet' to [/]]
[D: 2017-05-12 16:37:16,568] [P: INFO ] [C: ] [T: localhost-startStop-1] [L: io.oasp.module.logging.common.impl.DiagnosticContextFilter] - [M: Correlation ID header initialized to: X-Correlation-Id]
[D: 2017-05-12 16:37:16,802] [P: INFO ] [C: ] [T: localhost-startStop-1] [L: org.dozer.config.GlobalSettings] - [M: Trying to find Dozer configuration file: dozer.properties]
[D: 2017-05-12 16:37:16,818] [P: WARN ] [C: ] [T: localhost-startStop-1] [L: org.dozer.config.GlobalSettings] - [M: Dozer configuration file not found: dozer.properties.  Using defaults for all Dozer global properties.]
[D: 2017-05-12 16:37:16,818] [P: INFO ] [C: ] [T: localhost-startStop-1] [L: org.dozer.DozerInitializer] - [M: Initializing Dozer. Version: 5.5.0, Thread Name: localhost-startStop-1]
[D: 2017-05-12 16:37:16,818] [P: INFO ] [C: ] [T: localhost-startStop-1] [L: org.dozer.jmx.JMXPlatformImpl] - [M: Dozer JMX MBean [org.dozer.jmx:type=DozerStatisticsController] auto registered with the Platform MBean Server]
[D: 2017-05-12 16:37:16,818] [P: INFO ] [C: ] [T: localhost-startStop-1] [L: org.dozer.jmx.JMXPlatformImpl] - [M: Dozer JMX MBean [org.dozer.jmx:type=DozerAdminController] auto registered with the Platform MBean Server]
[D: 2017-05-12 16:37:16,818] [P: INFO ] [C: ] [T: localhost-startStop-1] [L: org.dozer.DozerBeanMapper] - [M: Initializing a new instance of dozer bean mapper.]
[D: 2017-05-12 16:37:17,395] [P: INFO ] [C: ] [T: localhost-startStop-1] [L: org.springframework.security.web.DefaultSecurityFilterChain] - [M: Creating filter chain: OrRequestMatcher [requestMatchers=[Ant [pattern='/css/**'], Ant [pattern='/js/**'], Ant [pattern='/images/**'], Ant [pattern='/**/favicon.ico'], Ant [pattern='/error']]], []]
[D: 2017-05-12 16:37:17,473] [P: INFO ] [C: ] [T: localhost-startStop-1] [L: org.springframework.security.web.DefaultSecurityFilterChain] - [M: Creating filter chain: org.springframework.security.web.util.matcher.AnyRequestMatcher@1, [org.springframework.security.web.context.request.async.WebAsyncManagerIntegrationFilter@1c26d683, org.springframework.security.web.context.SecurityContextPersistenceFilter@755f1dd9, org.springframework.security.web.header.HeaderWriterFilter@57d2a90e, org.springframework.security.web.csrf.CsrfFilter@1dfc7b1b, org.springframework.security.web.authentication.logout.LogoutFilter@5abd1d8, org.springframework.security.web.authentication.logout.LogoutFilter@c423576, org.springframework.security.web.authentication.UsernamePasswordAuthenticationFilter@7f8a60e4, org.springframework.security.web.authentication.ui.DefaultLoginPageGeneratingFilter@2383d6b1, io.oasp.module.security.common.impl.rest.JsonUsernamePasswordAuthenticationFilter@7d2499a8, org.springframework.security.web.savedrequest.RequestCacheAwareFilter@1db1ff69, org.springframework.security.web.servletapi.SecurityContextHolderAwareRequestFilter@32a31f9b, org.springframework.security.web.authentication.AnonymousAuthenticationFilter@27fecb6e, org.springframework.security.web.session.SessionManagementFilter@210605b1, org.springframework.security.web.access.ExceptionTranslationFilter@497c3065, org.springframework.security.web.access.intercept.FilterSecurityInterceptor@7317e025]]
[D: 2017-05-12 16:37:17,489] [P: INFO ] [C: ] [T: localhost-startStop-1] [L: org.springframework.security.web.DefaultSecurityFilterChain] - [M: Creating filter chain: org.springframework.boot.actuate.autoconfigure.ManagementWebSecurityAutoConfiguration$LazyEndpointPathRequestMatcher@199f2b15, [org.springframework.security.web.context.request.async.WebAsyncManagerIntegrationFilter@510e5f05, org.springframework.security.web.context.SecurityContextPersistenceFilter@1a9fa7b5, org.springframework.security.web.header.HeaderWriterFilter@2228772a, org.springframework.security.web.authentication.logout.LogoutFilter@7c7e3f3a, org.springframework.security.web.authentication.www.BasicAuthenticationFilter@b91bb36, org.springframework.security.web.savedrequest.RequestCacheAwareFilter@48137b18, org.springframework.security.web.servletapi.SecurityContextHolderAwareRequestFilter@29e3d417, org.springframework.security.web.authentication.AnonymousAuthenticationFilter@57400619, org.springframework.security.web.session.SessionManagementFilter@1db90e27, org.springframework.security.web.access.ExceptionTranslationFilter@599169ef, org.springframework.security.web.access.intercept.FilterSecurityInterceptor@269460d]]
[D: 2017-05-12 16:37:17,847] [P: INFO ] [C: ] [T: main] [L: org.springframework.batch.core.repository.support.JobRepositoryFactoryBean] - [M: No database type set, using meta data indicating: H2]
[D: 2017-05-12 16:37:17,973] [P: INFO ] [C: ] [T: main] [L: org.springframework.batch.core.launch.support.SimpleJobLauncher] - [M: No TaskExecutor has been set, defaulting to synchronous executor.]
[D: 2017-05-12 16:37:18,644] [P: INFO ] [C: ] [T: main] [L: org.apache.cxf.endpoint.ServerImpl] - [M: Setting the server's publish address to be /rest]
[D: 2017-05-12 16:37:18,738] [P: INFO ] [C: ] [T: main] [L: org.apache.cxf.wsdl.service.factory.ReflectionServiceFactoryBean] - [M: Creating Service {http://v1_0.ws.impl.service.tablemanagement.restaurant.gastronomy.oasp.io/}TablemanagementWebServiceImplService from class io.oasp.gastronomy.restaurant.tablemanagement.service.api.ws.v1_0.TablemanagmentWebService]
[D: 2017-05-12 16:37:19,066] [P: INFO ] [C: ] [T: main] [L: org.apache.cxf.endpoint.ServerImpl] - [M: Setting the server's publish address to be /TablemanagementWebService]
[D: 2017-05-12 16:37:19,097] [P: INFO ] [C: ] [T: main] [L: org.springframework.scheduling.concurrent.ThreadPoolTaskExecutor] - [M: Initializing ExecutorService  'clientInboundChannelExecutor']
[D: 2017-05-12 16:37:19,113] [P: INFO ] [C: ] [T: main] [L: org.springframework.scheduling.concurrent.ThreadPoolTaskExecutor] - [M: Initializing ExecutorService  'clientOutboundChannelExecutor']
[D: 2017-05-12 16:37:19,113] [P: INFO ] [C: ] [T: main] [L: org.springframework.scheduling.concurrent.ThreadPoolTaskScheduler] - [M: Initializing ExecutorService  'messageBrokerTaskScheduler']
[D: 2017-05-12 16:37:19,175] [P: INFO ] [C: ] [T: main] [L: org.springframework.web.socket.server.support.WebSocketHandlerMapping] - [M: Mapped URL path [/websocket/positions/**] onto handler of type [class org.springframework.web.socket.sockjs.support.SockJsHttpRequestHandler]]
[D: 2017-05-12 16:37:19,191] [P: INFO ] [C: ] [T: main] [L: org.springframework.scheduling.concurrent.ThreadPoolTaskExecutor] - [M: Initializing ExecutorService  'brokerChannelExecutor']
[D: 2017-05-12 16:37:19,284] [P: INFO ] [C: ] [T: main] [L: org.springframework.web.socket.messaging.WebSocketAnnotationMethodMessageHandler] - [M: Mapped "{[/positions],messageType=[MESSAGE]}" onto public io.oasp.gastronomy.restaurant.salesmanagement.service.api.websocket.PositionStatusChangeTo io.oasp.gastronomy.restaurant.salesmanagement.service.impl.websocket.OrderPositionWebSocketController.statusChanged(io.oasp.gastronomy.restaurant.salesmanagement.service.api.websocket.PositionStatusChangeTo)]
[D: 2017-05-12 16:37:19,378] [P: INFO ] [C: ] [T: main] [L: org.springframework.web.servlet.mvc.method.annotation.RequestMappingHandlerAdapter] - [M: Looking for @ControllerAdvice: org.springframework.boot.context.embedded.AnnotationConfigEmbeddedWebApplicationContext@54c562f7: startup date [Fri May 12 16:37:09 CEST 2017]; root of context hierarchy]
[D: 2017-05-12 16:37:19,440] [P: INFO ] [C: ] [T: main] [L: org.springframework.web.servlet.mvc.method.annotation.RequestMappingHandlerMapping] - [M: Mapped "{[/login**],methods=[GET]}" onto public org.springframework.web.servlet.ModelAndView io.oasp.gastronomy.restaurant.general.gui.api.LoginController.login(boolean,boolean,boolean,boolean)]
[D: 2017-05-12 16:37:19,440] [P: INFO ] [C: ] [T: main] [L: org.springframework.web.servlet.mvc.method.annotation.RequestMappingHandlerMapping] - [M: Mapped "{[/error]}" onto public org.springframework.http.ResponseEntity<java.util.Map<java.lang.String, java.lang.Object>> org.springframework.boot.autoconfigure.web.BasicErrorController.error(javax.servlet.http.HttpServletRequest)]
[D: 2017-05-12 16:37:19,440] [P: INFO ] [C: ] [T: main] [L: org.springframework.web.servlet.mvc.method.annotation.RequestMappingHandlerMapping] - [M: Mapped "{[/error],produces=[text/html]}" onto public org.springframework.web.servlet.ModelAndView org.springframework.boot.autoconfigure.web.BasicErrorController.errorHtml(javax.servlet.http.HttpServletRequest,javax.servlet.http.HttpServletResponse)]
[D: 2017-05-12 16:37:19,456] [P: INFO ] [C: ] [T: main] [L: org.springframework.web.servlet.config.annotation.WebMvcConfigurerAdapter] - [M: Adding welcome page: class path resource [static/index.html]]
[D: 2017-05-12 16:37:19,456] [P: INFO ] [C: ] [T: main] [L: org.springframework.web.servlet.handler.SimpleUrlHandlerMapping] - [M: Root mapping to handler of type [class org.springframework.web.servlet.mvc.ParameterizableViewController]]
[D: 2017-05-12 16:37:19,472] [P: INFO ] [C: ] [T: main] [L: org.springframework.web.servlet.handler.SimpleUrlHandlerMapping] - [M: Mapped URL path [/webjars/**] onto handler of type [class org.springframework.web.servlet.resource.ResourceHttpRequestHandler]]
[D: 2017-05-12 16:37:19,472] [P: INFO ] [C: ] [T: main] [L: org.springframework.web.servlet.handler.SimpleUrlHandlerMapping] - [M: Mapped URL path [/**] onto handler of type [class org.springframework.web.servlet.resource.ResourceHttpRequestHandler]]
[D: 2017-05-12 16:37:19,518] [P: INFO ] [C: ] [T: main] [L: org.springframework.web.servlet.handler.SimpleUrlHandlerMapping] - [M: Mapped URL path [/**/favicon.ico] onto handler of type [class org.springframework.web.servlet.resource.ResourceHttpRequestHandler]]
[D: 2017-05-12 16:37:19,690] [P: INFO ] [C: ] [T: main] [L: org.springframework.beans.factory.config.PropertiesFactoryBean] - [M: Loading properties file from URL [jar:file:/C:/Projects/AppsEvolve/devon-training/conf/.m2/repository/org/springframework/integration/spring-integration-core/4.2.9.RELEASE/spring-integration-core-4.2.9.RELEASE.jar!/META-INF/spring.integration.default.properties]]
[D: 2017-05-12 16:37:19,721] [P: INFO ] [C: ] [T: main] [L: org.springframework.scheduling.concurrent.ThreadPoolTaskScheduler] - [M: Initializing ExecutorService  'taskScheduler']
[D: 2017-05-12 16:37:19,940] [P: INFO ] [C: ] [T: main] [L: org.springframework.boot.actuate.endpoint.mvc.EndpointHandlerMapping] - [M: Mapped "{[/health  |  |  /health.json],produces=[application/json]}" onto public java.lang.Object org.springframework.boot.actuate.endpoint.mvc.HealthMvcEndpoint.invoke(java.security.Principal)]
[D: 2017-05-12 16:37:19,940] [P: INFO ] [C: ] [T: main] [L: org.springframework.boot.actuate.endpoint.mvc.EndpointHandlerMapping] - [M: Mapped "{[/metrics/{name:.*}],methods=[GET],produces=[application/json]}" onto public java.lang.Object org.springframework.boot.actuate.endpoint.mvc.MetricsMvcEndpoint.value(java.lang.String)]
[D: 2017-05-12 16:37:19,940] [P: INFO ] [C: ] [T: main] [L: org.springframework.boot.actuate.endpoint.mvc.EndpointHandlerMapping] - [M: Mapped "{[/metrics  |  |  /metrics.json],methods=[GET],produces=[application/json]}" onto public java.lang.Object org.springframework.boot.actuate.endpoint.mvc.EndpointMvcAdapter.invoke()]
[D: 2017-05-12 16:37:19,940] [P: INFO ] [C: ] [T: main] [L: org.springframework.boot.actuate.endpoint.mvc.EndpointHandlerMapping] - [M: Mapped "{[/flyway  |  |  /flyway.json],methods=[GET],produces=[application/json]}" onto public java.lang.Object org.springframework.boot.actuate.endpoint.mvc.EndpointMvcAdapter.invoke()]
[D: 2017-05-12 16:37:19,940] [P: INFO ] [C: ] [T: main] [L: org.springframework.boot.actuate.endpoint.mvc.EndpointHandlerMapping] - [M: Mapped "{[/trace  |  |  /trace.json],methods=[GET],produces=[application/json]}" onto public java.lang.Object org.springframework.boot.actuate.endpoint.mvc.EndpointMvcAdapter.invoke()]
[D: 2017-05-12 16:37:19,940] [P: INFO ] [C: ] [T: main] [L: org.springframework.boot.actuate.endpoint.mvc.EndpointHandlerMapping] - [M: Mapped "{[/mappings  |  |  /mappings.json],methods=[GET],produces=[application/json]}" onto public java.lang.Object org.springframework.boot.actuate.endpoint.mvc.EndpointMvcAdapter.invoke()]
[D: 2017-05-12 16:37:19,940] [P: INFO ] [C: ] [T: main] [L: org.springframework.boot.actuate.endpoint.mvc.EndpointHandlerMapping] - [M: Mapped "{[/beans  |  |  /beans.json],methods=[GET],produces=[application/json]}" onto public java.lang.Object org.springframework.boot.actuate.endpoint.mvc.EndpointMvcAdapter.invoke()]
[D: 2017-05-12 16:37:19,940] [P: INFO ] [C: ] [T: main] [L: org.springframework.boot.actuate.endpoint.mvc.EndpointHandlerMapping] - [M: Mapped "{[/configprops  |  |  /configprops.json],methods=[GET],produces=[application/json]}" onto public java.lang.Object org.springframework.boot.actuate.endpoint.mvc.EndpointMvcAdapter.invoke()]
[D: 2017-05-12 16:37:19,940] [P: INFO ] [C: ] [T: main] [L: org.springframework.boot.actuate.endpoint.mvc.EndpointHandlerMapping] - [M: Mapped "{[/dump  |  |  /dump.json],methods=[GET],produces=[application/json]}" onto public java.lang.Object org.springframework.boot.actuate.endpoint.mvc.EndpointMvcAdapter.invoke()]
[D: 2017-05-12 16:37:19,940] [P: INFO ] [C: ] [T: main] [L: org.springframework.boot.actuate.endpoint.mvc.EndpointHandlerMapping] - [M: Mapped "{[/info  |  |  /info.json],methods=[GET],produces=[application/json]}" onto public java.lang.Object org.springframework.boot.actuate.endpoint.mvc.EndpointMvcAdapter.invoke()]
[D: 2017-05-12 16:37:19,940] [P: INFO ] [C: ] [T: main] [L: org.springframework.boot.actuate.endpoint.mvc.EndpointHandlerMapping] - [M: Mapped "{[/env/{name:.*}],methods=[GET],produces=[application/json]}" onto public java.lang.Object org.springframework.boot.actuate.endpoint.mvc.EnvironmentMvcEndpoint.value(java.lang.String)]
[D: 2017-05-12 16:37:19,940] [P: INFO ] [C: ] [T: main] [L: org.springframework.boot.actuate.endpoint.mvc.EndpointHandlerMapping] - [M: Mapped "{[/env  |  |  /env.json],methods=[GET],produces=[application/json]}" onto public java.lang.Object org.springframework.boot.actuate.endpoint.mvc.EndpointMvcAdapter.invoke()]
[D: 2017-05-12 16:37:19,940] [P: INFO ] [C: ] [T: main] [L: org.springframework.boot.actuate.endpoint.mvc.EndpointHandlerMapping] - [M: Mapped "{[/autoconfig  |  |  /autoconfig.json],methods=[GET],produces=[application/json]}" onto public java.lang.Object org.springframework.boot.actuate.endpoint.mvc.EndpointMvcAdapter.invoke()]
[D: 2017-05-12 16:37:20,002] [P: WARN ] [C: ] [T: main] [L: org.springframework.boot.autoconfigure.batch.BasicBatchConfigurer] - [M: JPA does not support custom isolation levels, so locks may not be taken when launching Jobs]
[D: 2017-05-12 16:37:20,002] [P: INFO ] [C: ] [T: main] [L: org.springframework.batch.core.repository.support.JobRepositoryFactoryBean] - [M: No database type set, using meta data indicating: H2]
[D: 2017-05-12 16:37:20,002] [P: INFO ] [C: ] [T: main] [L: org.springframework.batch.core.launch.support.SimpleJobLauncher] - [M: No TaskExecutor has been set, defaulting to synchronous executor.]
[D: 2017-05-12 16:37:20,003] [P: INFO ] [C: ] [T: main] [L: org.springframework.jdbc.datasource.init.ScriptUtils] - [M: Executing SQL script from class path resource [org/springframework/batch/core/schema-h2.sql]]
[D: 2017-05-12 16:37:20,004] [P: INFO ] [C: ] [T: main] [L: org.springframework.jdbc.datasource.init.ScriptUtils] - [M: Executed SQL script from class path resource [org/springframework/batch/core/schema-h2.sql] in 1 ms.]
[D: 2017-05-12 16:37:20,129] [P: INFO ] [C: ] [T: main] [L: org.springframework.jmx.export.annotation.AnnotationMBeanExporter] - [M: Registering beans for JMX exposure on startup]
[D: 2017-05-12 16:37:20,129] [P: INFO ] [C: ] [T: main] [L: org.springframework.boot.actuate.endpoint.jmx.EndpointMBeanExporter] - [M: Registering beans for JMX exposure on startup]
[D: 2017-05-12 16:37:20,129] [P: INFO ] [C: ] [T: main] [L: org.springframework.context.support.DefaultLifecycleProcessor] - [M: Starting beans in phase 0]
[D: 2017-05-12 16:37:20,129] [P: INFO ] [C: ] [T: main] [L: org.springframework.boot.actuate.endpoint.jmx.EndpointMBeanExporter] - [M: Located managed bean 'requestMappingEndpoint': registering with JMX server as MBean [org.springframework.boot:type=Endpoint,name=requestMappingEndpoint]]
[D: 2017-05-12 16:37:20,160] [P: INFO ] [C: ] [T: main] [L: org.springframework.boot.actuate.endpoint.jmx.EndpointMBeanExporter] - [M: Located managed bean 'flywayEndpoint': registering with JMX server as MBean [org.springframework.boot:type=Endpoint,name=flywayEndpoint]]
[D: 2017-05-12 16:37:20,160] [P: INFO ] [C: ] [T: main] [L: org.springframework.boot.actuate.endpoint.jmx.EndpointMBeanExporter] - [M: Located managed bean 'environmentEndpoint': registering with JMX server as MBean [org.springframework.boot:type=Endpoint,name=environmentEndpoint]]
[D: 2017-05-12 16:37:20,160] [P: INFO ] [C: ] [T: main] [L: org.springframework.boot.actuate.endpoint.jmx.EndpointMBeanExporter] - [M: Located managed bean 'healthEndpoint': registering with JMX server as MBean [org.springframework.boot:type=Endpoint,name=healthEndpoint]]
[D: 2017-05-12 16:37:20,176] [P: INFO ] [C: ] [T: main] [L: org.springframework.boot.actuate.endpoint.jmx.EndpointMBeanExporter] - [M: Located managed bean 'beansEndpoint': registering with JMX server as MBean [org.springframework.boot:type=Endpoint,name=beansEndpoint]]
[D: 2017-05-12 16:37:20,176] [P: INFO ] [C: ] [T: main] [L: org.springframework.boot.actuate.endpoint.jmx.EndpointMBeanExporter] - [M: Located managed bean 'infoEndpoint': registering with JMX server as MBean [org.springframework.boot:type=Endpoint,name=infoEndpoint]]
[D: 2017-05-12 16:37:20,176] [P: INFO ] [C: ] [T: main] [L: org.springframework.boot.actuate.endpoint.jmx.EndpointMBeanExporter] - [M: Located managed bean 'metricsEndpoint': registering with JMX server as MBean [org.springframework.boot:type=Endpoint,name=metricsEndpoint]]
[D: 2017-05-12 16:37:20,176] [P: INFO ] [C: ] [T: main] [L: org.springframework.boot.actuate.endpoint.jmx.EndpointMBeanExporter] - [M: Located managed bean 'traceEndpoint': registering with JMX server as MBean [org.springframework.boot:type=Endpoint,name=traceEndpoint]]
[D: 2017-05-12 16:37:20,176] [P: INFO ] [C: ] [T: main] [L: org.springframework.boot.actuate.endpoint.jmx.EndpointMBeanExporter] - [M: Located managed bean 'dumpEndpoint': registering with JMX server as MBean [org.springframework.boot:type=Endpoint,name=dumpEndpoint]]
[D: 2017-05-12 16:37:20,176] [P: INFO ] [C: ] [T: main] [L: org.springframework.boot.actuate.endpoint.jmx.EndpointMBeanExporter] - [M: Located managed bean 'autoConfigurationReportEndpoint': registering with JMX server as MBean [org.springframework.boot:type=Endpoint,name=autoConfigurationReportEndpoint]]
[D: 2017-05-12 16:37:20,191] [P: INFO ] [C: ] [T: main] [L: org.springframework.boot.actuate.endpoint.jmx.EndpointMBeanExporter] - [M: Located managed bean 'configurationPropertiesReportEndpoint': registering with JMX server as MBean [org.springframework.boot:type=Endpoint,name=configurationPropertiesReportEndpoint]]
[D: 2017-05-12 16:37:20,191] [P: INFO ] [C: ] [T: main] [L: org.springframework.integration.endpoint.EventDrivenConsumer] - [M: Adding {logging-channel-adapter:_org.springframework.integration.errorLogger} as a subscriber to the 'errorChannel' channel]
[D: 2017-05-12 16:37:20,191] [P: INFO ] [C: ] [T: main] [L: org.springframework.integration.channel.PublishSubscribeChannel] - [M: Channel 'restaurant:h2mem:8081.errorChannel' has 1 subscriber(s).]
[D: 2017-05-12 16:37:20,191] [P: INFO ] [C: ] [T: main] [L: org.springframework.integration.endpoint.EventDrivenConsumer] - [M: started _org.springframework.integration.errorLogger]
[D: 2017-05-12 16:37:20,191] [P: INFO ] [C: ] [T: main] [L: org.springframework.context.support.DefaultLifecycleProcessor] - [M: Starting beans in phase 2147483647]
[D: 2017-05-12 16:37:20,191] [P: INFO ] [C: ] [T: main] [L: org.springframework.messaging.simp.broker.SimpleBrokerMessageHandler] - [M: Starting...]
[D: 2017-05-12 16:37:20,191] [P: INFO ] [C: ] [T: main] [L: org.springframework.messaging.simp.broker.SimpleBrokerMessageHandler] - [M: BrokerAvailabilityEvent[available=true, SimpleBrokerMessageHandler [DefaultSubscriptionRegistry[cache[0 destination(s)], registry[0 sessions]]]]]
[D: 2017-05-12 16:37:20,191] [P: INFO ] [C: ] [T: main] [L: org.springframework.messaging.simp.broker.SimpleBrokerMessageHandler] - [M: Started.]
[D: 2017-05-12 16:37:20,222] [P: INFO ] [C: ] [T: main] [L: org.apache.coyote.http11.Http11NioProtocol] - [M: Initializing ProtocolHandler ["http-nio-8081"]]
[D: 2017-05-12 16:37:20,222] [P: INFO ] [C: ] [T: main] [L: org.apache.coyote.http11.Http11NioProtocol] - [M: Starting ProtocolHandler ["http-nio-8081"]]
[D: 2017-05-12 16:37:20,238] [P: INFO ] [C: ] [T: main] [L: org.apache.tomcat.util.net.NioSelectorPool] - [M: Using a shared selector for servlet write/read]
[D: 2017-05-12 16:37:20,269] [P: INFO ] [C: ] [T: main] [L: org.springframework.boot.context.embedded.tomcat.TomcatEmbeddedServletContainer] - [M: Tomcat started on port(s): 8081 (http)]
[D: 2017-05-12 16:37:20,269] [P: INFO ] [C: ] [T: main] [L: io.oasp.gastronomy.restaurant.SpringBootApp] - [M: Started SpringBootApp in 10.978 seconds (JVM running for 11.978)]
[D: 2017-05-12 16:38:19,168] [P: INFO ] [C: ] [T: MessageBroker-1] [L: org.springframework.web.socket.config.WebSocketMessageBrokerStats] - [M: WebSocketSession[0 current WS(0)-HttpStream(0)-HttpPoll(0), 0 total, 0 closed abnormally (0 connect failure, 0 send limit, 0 transport error)], stompSubProtocol[processed CONNECT(0)-CONNECTED(0)-DISCONNECT(0)], stompBrokerRelay[null], inboundChannel[pool size = 0, active threads = 0, queued tasks = 0, completed tasks = 0], outboundChannelpool size = 0, active threads = 0, queued tasks = 0, completed tasks = 0], sockJsScheduler[pool size = 1, active threads = 1, queued tasks = 0, completed tasks = 0]]
