[D: 2017-05-12 18:02:43,631] [P: INFO ] [C: ] [T: main] [L: io.oasp.gastronomy.restaurant.SpringBootApp] - [M: Starting SpringBootApp on CE18622 with PID 6020 (C:\Projects\AppsEvolve\devon-training\workspaces\day2\oasp4j\samples\server\eclipse-target\classes started by jmolinar in C:\Projects\AppsEvolve\devon-training\workspaces\day2\oasp4j\samples\server)]
[D: 2017-05-12 18:02:43,631] [P: INFO ] [C: ] [T: main] [L: io.oasp.gastronomy.restaurant.SpringBootApp] - [M: The following profiles are active: h2mem]
[D: 2017-05-12 18:02:43,725] [P: INFO ] [C: ] [T: main] [L: org.springframework.boot.context.embedded.AnnotationConfigEmbeddedWebApplicationContext] - [M: Refreshing org.springframework.boot.context.embedded.AnnotationConfigEmbeddedWebApplicationContext@54c562f7: startup date [Fri May 12 18:02:43 CEST 2017]; root of context hierarchy]
[D: 2017-05-12 18:02:43,990] [P: INFO ] [C: ] [T: background-preinit] [L: org.hibernate.validator.internal.util.Version] - [M: HV000001: Hibernate Validator 5.2.4.Final]
[D: 2017-05-12 18:02:45,675] [P: INFO ] [C: ] [T: main] [L: org.springframework.beans.factory.xml.XmlBeanDefinitionReader] - [M: Loading XML bean definitions from class path resource [META-INF/cxf/cxf.xml]]
[D: 2017-05-12 18:02:45,816] [P: INFO ] [C: ] [T: main] [L: org.springframework.beans.factory.support.DefaultListableBeanFactory] - [M: Overriding bean definition for bean 'cxf' with a different definition: replacing [Root bean: class [null]; scope=; abstract=false; lazyInit=false; autowireMode=3; dependencyCheck=0; autowireCandidate=true; primary=false; factoryBeanName=serviceConfig; factoryMethodName=springBus; initMethodName=null; destroyMethodName=(inferred); defined in class path resource [io/oasp/gastronomy/restaurant/general/service/impl/config/ServiceConfig.class]] with [Generic bean: class [org.apache.cxf.bus.spring.SpringBus]; scope=; abstract=false; lazyInit=false; autowireMode=0; dependencyCheck=0; autowireCandidate=true; primary=false; factoryBeanName=null; factoryMethodName=null; initMethodName=null; destroyMethodName=shutdown; defined in class path resource [META-INF/cxf/cxf.xml]]]
[D: 2017-05-12 18:02:46,050] [P: INFO ] [C: ] [T: main] [L: org.springframework.beans.factory.config.PropertiesFactoryBean] - [M: Loading properties file from URL [jar:file:/C:/Projects/AppsEvolve/devon-training/conf/.m2/repository/org/springframework/integration/spring-integration-core/4.2.9.RELEASE/spring-integration-core-4.2.9.RELEASE.jar!/META-INF/spring.integration.default.properties]]
[D: 2017-05-12 18:02:46,050] [P: INFO ] [C: ] [T: main] [L: org.springframework.integration.config.IntegrationRegistrar] - [M: No bean named 'integrationHeaderChannelRegistry' has been explicitly defined. Therefore, a default DefaultHeaderChannelRegistry will be created.]
[D: 2017-05-12 18:02:46,502] [P: INFO ] [C: ] [T: main] [L: org.springframework.integration.config.DefaultConfiguringBeanFactoryPostProcessor] - [M: No bean named 'errorChannel' has been explicitly defined. Therefore, a default PublishSubscribeChannel will be created.]
[D: 2017-05-12 18:02:46,518] [P: INFO ] [C: ] [T: main] [L: org.springframework.integration.config.DefaultConfiguringBeanFactoryPostProcessor] - [M: No bean named 'taskScheduler' has been explicitly defined. Therefore, a default ThreadPoolTaskScheduler will be created.]
[D: 2017-05-12 18:02:46,534] [P: INFO ] [C: ] [T: main] [L: org.springframework.beans.factory.annotation.AutowiredAnnotationBeanPostProcessor] - [M: JSR-330 'javax.inject.Inject' annotation found and supported for autowiring]
[D: 2017-05-12 18:02:46,596] [P: INFO ] [C: ] [T: main] [L: org.springframework.context.support.PostProcessorRegistrationDelegate$BeanPostProcessorChecker] - [M: Bean 'ApplicationObjectMapperFactory' of type [class io.oasp.gastronomy.restaurant.general.service.impl.rest.ApplicationObjectMapperFactory] is not eligible for getting processed by all BeanPostProcessors (for example: not eligible for auto-proxying)]
[D: 2017-05-12 18:02:46,596] [P: INFO ] [C: ] [T: main] [L: org.springframework.context.support.PostProcessorRegistrationDelegate$BeanPostProcessorChecker] - [M: Bean 'serviceConfig' of type [class io.oasp.gastronomy.restaurant.general.service.impl.config.ServiceConfig$$EnhancerBySpringCGLIB$$2d7d43e1] is not eligible for getting processed by all BeanPostProcessors (for example: not eligible for auto-proxying)]
[D: 2017-05-12 18:02:46,596] [P: INFO ] [C: ] [T: main] [L: org.springframework.context.support.PostProcessorRegistrationDelegate$BeanPostProcessorChecker] - [M: Bean 'org.springframework.ws.config.annotation.DelegatingWsConfiguration' of type [class org.springframework.ws.config.annotation.DelegatingWsConfiguration$$EnhancerBySpringCGLIB$$8744e800] is not eligible for getting processed by all BeanPostProcessors (for example: not eligible for auto-proxying)]
[D: 2017-05-12 18:02:46,627] [P: INFO ] [C: ] [T: main] [L: org.springframework.ws.soap.addressing.server.AnnotationActionEndpointMapping] - [M: Supporting [WS-Addressing August 2004, WS-Addressing 1.0]]
[D: 2017-05-12 18:02:46,768] [P: INFO ] [C: ] [T: main] [L: org.springframework.context.support.PostProcessorRegistrationDelegate$BeanPostProcessorChecker] - [M: Bean 'org.springframework.boot.autoconfigure.flyway.FlywayAutoConfiguration' of type [class org.springframework.boot.autoconfigure.flyway.FlywayAutoConfiguration$$EnhancerBySpringCGLIB$$d26ba6b] is not eligible for getting processed by all BeanPostProcessors (for example: not eligible for auto-proxying)]
[D: 2017-05-12 18:02:46,783] [P: INFO ] [C: ] [T: main] [L: org.springframework.context.support.PostProcessorRegistrationDelegate$BeanPostProcessorChecker] - [M: Bean 'org.springframework.security.config.annotation.configuration.ObjectPostProcessorConfiguration' of type [class org.springframework.security.config.annotation.configuration.ObjectPostProcessorConfiguration$$EnhancerBySpringCGLIB$$7b5aeb3b] is not eligible for getting processed by all BeanPostProcessors (for example: not eligible for auto-proxying)]
[D: 2017-05-12 18:02:46,799] [P: INFO ] [C: ] [T: main] [L: org.springframework.context.support.PostProcessorRegistrationDelegate$BeanPostProcessorChecker] - [M: Bean 'org.springframework.transaction.annotation.ProxyTransactionManagementConfiguration' of type [class org.springframework.transaction.annotation.ProxyTransactionManagementConfiguration$$EnhancerBySpringCGLIB$$e2ad2301] is not eligible for getting processed by all BeanPostProcessors (for example: not eligible for auto-proxying)]
[D: 2017-05-12 18:02:46,831] [P: INFO ] [C: ] [T: main] [L: org.springframework.context.support.PostProcessorRegistrationDelegate$BeanPostProcessorChecker] - [M: Bean 'objectPostProcessor' of type [class org.springframework.security.config.annotation.configuration.AutowireBeanFactoryObjectPostProcessor] is not eligible for getting processed by all BeanPostProcessors (for example: not eligible for auto-proxying)]
[D: 2017-05-12 18:02:46,831] [P: INFO ] [C: ] [T: main] [L: org.springframework.context.support.PostProcessorRegistrationDelegate$BeanPostProcessorChecker] - [M: Bean 'org.springframework.security.access.expression.method.DefaultMethodSecurityExpressionHandler@2b9f74d0' of type [class org.springframework.security.access.expression.method.DefaultMethodSecurityExpressionHandler] is not eligible for getting processed by all BeanPostProcessors (for example: not eligible for auto-proxying)]
[D: 2017-05-12 18:02:46,847] [P: INFO ] [C: ] [T: main] [L: org.springframework.context.support.PostProcessorRegistrationDelegate$BeanPostProcessorChecker] - [M: Bean 'org.springframework.security.config.annotation.method.configuration.Jsr250MetadataSourceConfiguration' of type [class org.springframework.security.config.annotation.method.configuration.Jsr250MetadataSourceConfiguration$$EnhancerBySpringCGLIB$$c584a603] is not eligible for getting processed by all BeanPostProcessors (for example: not eligible for auto-proxying)]
[D: 2017-05-12 18:02:46,847] [P: INFO ] [C: ] [T: main] [L: org.springframework.context.support.PostProcessorRegistrationDelegate$BeanPostProcessorChecker] - [M: Bean 'jsr250MethodSecurityMetadataSource' of type [class org.springframework.security.access.annotation.Jsr250MethodSecurityMetadataSource] is not eligible for getting processed by all BeanPostProcessors (for example: not eligible for auto-proxying)]
[D: 2017-05-12 18:02:46,847] [P: INFO ] [C: ] [T: main] [L: org.springframework.context.support.PostProcessorRegistrationDelegate$BeanPostProcessorChecker] - [M: Bean 'org.springframework.security.config.annotation.method.configuration.GlobalMethodSecurityConfiguration' of type [class org.springframework.security.config.annotation.method.configuration.GlobalMethodSecurityConfiguration$$EnhancerBySpringCGLIB$$a02f8ded] is not eligible for getting processed by all BeanPostProcessors (for example: not eligible for auto-proxying)]
[D: 2017-05-12 18:02:46,862] [P: INFO ] [C: ] [T: main] [L: org.springframework.context.support.PostProcessorRegistrationDelegate$BeanPostProcessorChecker] - [M: Bean 'methodSecurityMetadataSource' of type [class org.springframework.security.access.method.DelegatingMethodSecurityMetadataSource] is not eligible for getting processed by all BeanPostProcessors (for example: not eligible for auto-proxying)]
[D: 2017-05-12 18:02:46,878] [P: INFO ] [C: ] [T: main] [L: org.springframework.context.support.PostProcessorRegistrationDelegate$BeanPostProcessorChecker] - [M: Bean 'stringOrNumberMigrationVersionConverter' of type [class org.springframework.boot.autoconfigure.flyway.FlywayAutoConfiguration$StringOrNumberToMigrationVersionConverter] is not eligible for getting processed by all BeanPostProcessors (for example: not eligible for auto-proxying)]
[D: 2017-05-12 18:02:46,940] [P: INFO ] [C: ] [T: main] [L: org.springframework.context.support.PostProcessorRegistrationDelegate$BeanPostProcessorChecker] - [M: Bean 'spring.datasource.CONFIGURATION_PROPERTIES' of type [class org.springframework.boot.autoconfigure.jdbc.DataSourceProperties] is not eligible for getting processed by all BeanPostProcessors (for example: not eligible for auto-proxying)]
[D: 2017-05-12 18:02:46,940] [P: INFO ] [C: ] [T: main] [L: org.springframework.context.support.PostProcessorRegistrationDelegate$BeanPostProcessorChecker] - [M: Bean 'org.springframework.boot.autoconfigure.jdbc.DataSourceAutoConfiguration$NonEmbeddedConfiguration' of type [class org.springframework.boot.autoconfigure.jdbc.DataSourceAutoConfiguration$NonEmbeddedConfiguration] is not eligible for getting processed by all BeanPostProcessors (for example: not eligible for auto-proxying)]
[D: 2017-05-12 18:02:47,018] [P: INFO ] [C: ] [T: main] [L: org.springframework.context.support.PostProcessorRegistrationDelegate$BeanPostProcessorChecker] - [M: Bean 'dataSource' of type [class org.apache.tomcat.jdbc.pool.DataSource] is not eligible for getting processed by all BeanPostProcessors (for example: not eligible for auto-proxying)]
[D: 2017-05-12 18:02:47,034] [P: INFO ] [C: ] [T: main] [L: org.springframework.context.support.PostProcessorRegistrationDelegate$BeanPostProcessorChecker] - [M: Bean 'org.springframework.boot.autoconfigure.jdbc.DataSourceAutoConfiguration$DataSourceInitializerConfiguration' of type [class org.springframework.boot.autoconfigure.jdbc.DataSourceAutoConfiguration$DataSourceInitializerConfiguration$$EnhancerBySpringCGLIB$$96636d28] is not eligible for getting processed by all BeanPostProcessors (for example: not eligible for auto-proxying)]
[D: 2017-05-12 18:02:47,034] [P: INFO ] [C: ] [T: main] [L: org.springframework.context.support.PostProcessorRegistrationDelegate$BeanPostProcessorChecker] - [M: Bean 'dataSourceInitializer' of type [class org.springframework.boot.autoconfigure.jdbc.DataSourceInitializer] is not eligible for getting processed by all BeanPostProcessors (for example: not eligible for auto-proxying)]
[D: 2017-05-12 18:02:47,081] [P: INFO ] [C: ] [T: main] [L: org.springframework.context.support.PostProcessorRegistrationDelegate$BeanPostProcessorChecker] - [M: Bean 'spring.jpa.CONFIGURATION_PROPERTIES' of type [class org.springframework.boot.autoconfigure.orm.jpa.JpaProperties] is not eligible for getting processed by all BeanPostProcessors (for example: not eligible for auto-proxying)]
[D: 2017-05-12 18:02:47,081] [P: INFO ] [C: ] [T: main] [L: org.springframework.context.support.PostProcessorRegistrationDelegate$BeanPostProcessorChecker] - [M: Bean 'org.springframework.boot.autoconfigure.orm.jpa.HibernateJpaAutoConfiguration' of type [class org.springframework.boot.autoconfigure.orm.jpa.HibernateJpaAutoConfiguration$$EnhancerBySpringCGLIB$$4c338721] is not eligible for getting processed by all BeanPostProcessors (for example: not eligible for auto-proxying)]
[D: 2017-05-12 18:02:47,127] [P: INFO ] [C: ] [T: main] [L: org.springframework.context.support.PostProcessorRegistrationDelegate$BeanPostProcessorChecker] - [M: Bean 'flyway.CONFIGURATION_PROPERTIES' of type [class org.springframework.boot.autoconfigure.flyway.FlywayProperties] is not eligible for getting processed by all BeanPostProcessors (for example: not eligible for auto-proxying)]
[D: 2017-05-12 18:02:47,127] [P: INFO ] [C: ] [T: main] [L: org.springframework.context.support.PostProcessorRegistrationDelegate$BeanPostProcessorChecker] - [M: Bean 'org.springframework.boot.autoconfigure.flyway.FlywayAutoConfiguration$FlywayConfiguration' of type [class org.springframework.boot.autoconfigure.flyway.FlywayAutoConfiguration$FlywayConfiguration$$EnhancerBySpringCGLIB$$62aaf0a1] is not eligible for getting processed by all BeanPostProcessors (for example: not eligible for auto-proxying)]
[D: 2017-05-12 18:02:47,143] [P: WARN ] [C: ] [T: main] [L: org.flywaydb.core.internal.util.Locations] - [M: Discarding location 'classpath:db/migration/h2' as it is a sublocation of 'classpath:db/migration']
[D: 2017-05-12 18:02:47,159] [P: WARN ] [C: ] [T: main] [L: org.flywaydb.core.internal.util.Locations] - [M: Discarding location 'classpath:db/migration/h2' as it is a sublocation of 'classpath:db/migration']
[D: 2017-05-12 18:02:47,159] [P: INFO ] [C: ] [T: main] [L: org.springframework.context.support.PostProcessorRegistrationDelegate$BeanPostProcessorChecker] - [M: Bean 'flyway' of type [class org.flywaydb.core.Flyway] is not eligible for getting processed by all BeanPostProcessors (for example: not eligible for auto-proxying)]
[D: 2017-05-12 18:02:47,174] [P: INFO ] [C: ] [T: main] [L: org.flywaydb.core.internal.util.VersionPrinter] - [M: Flyway 3.2.1 by Boxfuse]
[D: 2017-05-12 18:02:47,346] [P: INFO ] [C: ] [T: main] [L: org.flywaydb.core.internal.dbsupport.DbSupportFactory] - [M: Database: jdbc:h2:mem:app (H2 1.4)]
[D: 2017-05-12 18:02:47,408] [P: INFO ] [C: ] [T: main] [L: org.flywaydb.core.internal.command.DbValidate] - [M: Validated 4 migrations (execution time 00:00.031s)]
[D: 2017-05-12 18:02:47,424] [P: INFO ] [C: ] [T: main] [L: org.flywaydb.core.internal.metadatatable.MetaDataTableImpl] - [M: Creating Metadata table: "PUBLIC"."schema_version"]
[D: 2017-05-12 18:02:47,439] [P: INFO ] [C: ] [T: main] [L: org.flywaydb.core.internal.command.DbMigrate] - [M: Current version of schema "PUBLIC": << Empty Schema >>]
[D: 2017-05-12 18:02:47,439] [P: INFO ] [C: ] [T: main] [L: org.flywaydb.core.internal.command.DbMigrate] - [M: Migrating schema "PUBLIC" to version 0001 - R001 Create schema]
[D: 2017-05-12 18:02:47,486] [P: INFO ] [C: ] [T: main] [L: org.flywaydb.core.internal.command.DbMigrate] - [M: Migrating schema "PUBLIC" to version 0002 - R001 Master data]
[D: 2017-05-12 18:02:47,517] [P: INFO ] [C: ] [T: main] [L: org.flywaydb.core.internal.command.DbMigrate] - [M: Migrating schema "PUBLIC" to version 0003 - R001 Add blob table and data]
[D: 2017-05-12 18:02:47,549] [P: INFO ] [C: ] [T: main] [L: org.flywaydb.core.internal.command.DbMigrate] - [M: Migrating schema "PUBLIC" to version 0004 - R001 Add batch tables]
[D: 2017-05-12 18:02:47,564] [P: INFO ] [C: ] [T: main] [L: org.flywaydb.core.internal.command.DbMigrate] - [M: Successfully applied 4 migrations to schema "PUBLIC" (execution time 00:00.140s).]
[D: 2017-05-12 18:02:47,564] [P: INFO ] [C: ] [T: main] [L: org.springframework.context.support.PostProcessorRegistrationDelegate$BeanPostProcessorChecker] - [M: Bean 'flywayInitializer' of type [class org.springframework.boot.autoconfigure.flyway.FlywayMigrationInitializer] is not eligible for getting processed by all BeanPostProcessors (for example: not eligible for auto-proxying)]
[D: 2017-05-12 18:02:47,595] [P: INFO ] [C: ] [T: main] [L: org.springframework.context.support.PostProcessorRegistrationDelegate$BeanPostProcessorChecker] - [M: Bean 'jpaVendorAdapter' of type [class org.springframework.orm.jpa.vendor.HibernateJpaVendorAdapter] is not eligible for getting processed by all BeanPostProcessors (for example: not eligible for auto-proxying)]
[D: 2017-05-12 18:02:47,595] [P: INFO ] [C: ] [T: main] [L: org.springframework.context.support.PostProcessorRegistrationDelegate$BeanPostProcessorChecker] - [M: Bean 'entityManagerFactoryBuilder' of type [class org.springframework.boot.orm.jpa.EntityManagerFactoryBuilder] is not eligible for getting processed by all BeanPostProcessors (for example: not eligible for auto-proxying)]
[D: 2017-05-12 18:02:47,861] [P: INFO ] [C: ] [T: main] [L: org.springframework.orm.jpa.LocalContainerEntityManagerFactoryBean] - [M: Building JPA container EntityManagerFactory for persistence unit 'default']
[D: 2017-05-12 18:02:47,893] [P: INFO ] [C: ] [T: main] [L: org.hibernate.jpa.internal.util.LogHelper] - [M: HHH000204: Processing PersistenceUnitInfo [ | 	name: default | 	...]]
[D: 2017-05-12 18:02:48,064] [P: INFO ] [C: ] [T: main] [L: org.hibernate.Version] - [M: HHH000412: Hibernate Core {4.3.11.Final}]
[D: 2017-05-12 18:02:48,080] [P: INFO ] [C: ] [T: main] [L: org.hibernate.cfg.Environment] - [M: HHH000206: hibernate.properties not found]
[D: 2017-05-12 18:02:48,080] [P: INFO ] [C: ] [T: main] [L: org.hibernate.cfg.Environment] - [M: HHH000021: Bytecode provider name : javassist]
[D: 2017-05-12 18:02:48,517] [P: INFO ] [C: ] [T: main] [L: org.hibernate.annotations.common.Version] - [M: HCANN000001: Hibernate Commons Annotations {4.0.5.Final}]
[D: 2017-05-12 18:02:48,657] [P: INFO ] [C: ] [T: main] [L: org.hibernate.dialect.Dialect] - [M: HHH000400: Using dialect: org.hibernate.dialect.H2Dialect]
[D: 2017-05-12 18:02:48,860] [P: INFO ] [C: ] [T: main] [L: org.hibernate.hql.internal.ast.ASTQueryTranslatorFactory] - [M: HHH000397: Using ASTQueryTranslatorFactory]
[D: 2017-05-12 18:02:49,546] [P: INFO ] [C: ] [T: main] [L: org.hibernate.tool.hbm2ddl.SchemaValidator] - [M: HHH000229: Running schema validator]
[D: 2017-05-12 18:02:49,546] [P: INFO ] [C: ] [T: main] [L: org.hibernate.tool.hbm2ddl.SchemaValidator] - [M: HHH000102: Fetching database metadata]
[D: 2017-05-12 18:02:49,547] [P: INFO ] [C: ] [T: main] [L: org.hibernate.tool.hbm2ddl.TableMetadata] - [M: HHH000261: Table found: APP.PUBLIC.BILL]
[D: 2017-05-12 18:02:49,547] [P: INFO ] [C: ] [T: main] [L: org.hibernate.tool.hbm2ddl.TableMetadata] - [M: HHH000037: Columns: [total, tip, id, modificationcounter, payed]]
[D: 2017-05-12 18:02:49,547] [P: INFO ] [C: ] [T: main] [L: org.hibernate.tool.hbm2ddl.TableMetadata] - [M: HHH000261: Table found: APP.PUBLIC.BILLORDERPOSITION]
[D: 2017-05-12 18:02:49,547] [P: INFO ] [C: ] [T: main] [L: org.hibernate.tool.hbm2ddl.TableMetadata] - [M: HHH000037: Columns: [orderpositionsid, billid]]
[D: 2017-05-12 18:02:49,547] [P: INFO ] [C: ] [T: main] [L: org.hibernate.tool.hbm2ddl.TableMetadata] - [M: HHH000261: Table found: APP.PUBLIC.BINARYOBJECT]
[D: 2017-05-12 18:02:49,547] [P: INFO ] [C: ] [T: main] [L: org.hibernate.tool.hbm2ddl.TableMetadata] - [M: HHH000037: Columns: [data, size, mimetype, id, modificationcounter]]
[D: 2017-05-12 18:02:49,547] [P: INFO ] [C: ] [T: main] [L: org.hibernate.tool.hbm2ddl.TableMetadata] - [M: HHH000261: Table found: APP.PUBLIC.OFFER]
[D: 2017-05-12 18:02:49,547] [P: INFO ] [C: ] [T: main] [L: org.hibernate.tool.hbm2ddl.TableMetadata] - [M: HHH000037: Columns: [sidedishid, number, drinkid, mealid, price, name, description, id, state, modificationcounter]]
[D: 2017-05-12 18:02:49,547] [P: INFO ] [C: ] [T: main] [L: org.hibernate.tool.hbm2ddl.TableMetadata] - [M: HHH000261: Table found: APP.PUBLIC.ORDERPOSITION]
[D: 2017-05-12 18:02:49,547] [P: INFO ] [C: ] [T: main] [L: org.hibernate.tool.hbm2ddl.TableMetadata] - [M: HHH000037: Columns: [cookid, offername, orderid, price, offerid, comment, drinkstate, id, state, modificationcounter]]
[D: 2017-05-12 18:02:49,547] [P: INFO ] [C: ] [T: main] [L: org.hibernate.tool.hbm2ddl.TableMetadata] - [M: HHH000261: Table found: APP.PUBLIC.PRODUCT]
[D: 2017-05-12 18:02:49,547] [P: INFO ] [C: ] [T: main] [L: org.hibernate.tool.hbm2ddl.TableMetadata] - [M: HHH000037: Columns: [pictureid, alcoholic, name, dtype, description, id, modificationcounter]]
[D: 2017-05-12 18:02:49,547] [P: INFO ] [C: ] [T: main] [L: org.hibernate.tool.hbm2ddl.TableMetadata] - [M: HHH000261: Table found: APP.PUBLIC.PRODUCT_AUD]
[D: 2017-05-12 18:02:49,547] [P: INFO ] [C: ] [T: main] [L: org.hibernate.tool.hbm2ddl.TableMetadata] - [M: HHH000037: Columns: [rev, pictureid, alcoholic, revtype, name, description, dtype, id]]
[D: 2017-05-12 18:02:49,547] [P: INFO ] [C: ] [T: main] [L: org.hibernate.tool.hbm2ddl.TableMetadata] - [M: HHH000261: Table found: APP.PUBLIC.RESTAURANTORDER]
[D: 2017-05-12 18:02:49,547] [P: INFO ] [C: ] [T: main] [L: org.hibernate.tool.hbm2ddl.TableMetadata] - [M: HHH000037: Columns: [tableid, id, state, modificationcounter]]
[D: 2017-05-12 18:02:49,548] [P: INFO ] [C: ] [T: main] [L: org.hibernate.tool.hbm2ddl.TableMetadata] - [M: HHH000261: Table found: APP.PUBLIC.RESTAURANTTABLE]
[D: 2017-05-12 18:02:49,549] [P: INFO ] [C: ] [T: main] [L: org.hibernate.tool.hbm2ddl.TableMetadata] - [M: HHH000037: Columns: [number, waiterid, id, state, modificationcounter]]
[D: 2017-05-12 18:02:49,550] [P: INFO ] [C: ] [T: main] [L: org.hibernate.tool.hbm2ddl.TableMetadata] - [M: HHH000261: Table found: APP.PUBLIC.REVINFO]
[D: 2017-05-12 18:02:49,550] [P: INFO ] [C: ] [T: main] [L: org.hibernate.tool.hbm2ddl.TableMetadata] - [M: HHH000037: Columns: [id, timestamp, userlogin]]
[D: 2017-05-12 18:02:49,552] [P: INFO ] [C: ] [T: main] [L: org.hibernate.tool.hbm2ddl.TableMetadata] - [M: HHH000261: Table found: APP.PUBLIC.STAFFMEMBER]
[D: 2017-05-12 18:02:49,552] [P: INFO ] [C: ] [T: main] [L: org.hibernate.tool.hbm2ddl.TableMetadata] - [M: HHH000037: Columns: [firstname, role, id, login, modificationcounter, lastname]]
[D: 2017-05-12 18:02:49,771] [P: INFO ] [C: ] [T: main] [L: org.springframework.context.support.PostProcessorRegistrationDelegate$BeanPostProcessorChecker] - [M: Bean 'entityManagerFactory' of type [class org.springframework.orm.jpa.LocalContainerEntityManagerFactoryBean] is not eligible for getting processed by all BeanPostProcessors (for example: not eligible for auto-proxying)]
[D: 2017-05-12 18:02:49,771] [P: INFO ] [C: ] [T: main] [L: org.springframework.context.support.PostProcessorRegistrationDelegate$BeanPostProcessorChecker] - [M: Bean 'entityManagerFactory' of type [class com.sun.proxy.$Proxy87] is not eligible for getting processed by all BeanPostProcessors (for example: not eligible for auto-proxying)]
[D: 2017-05-12 18:02:49,771] [P: INFO ] [C: ] [T: main] [L: org.springframework.context.support.PostProcessorRegistrationDelegate$BeanPostProcessorChecker] - [M: Bean 'transactionManager' of type [class org.springframework.orm.jpa.JpaTransactionManager] is not eligible for getting processed by all BeanPostProcessors (for example: not eligible for auto-proxying)]
[D: 2017-05-12 18:02:49,771] [P: INFO ] [C: ] [T: main] [L: org.springframework.context.support.PostProcessorRegistrationDelegate$BeanPostProcessorChecker] - [M: Bean 'beansBatchConfig' of type [class io.oasp.gastronomy.restaurant.general.batch.impl.config.BeansBatchConfig$$EnhancerBySpringCGLIB$$47d4e656] is not eligible for getting processed by all BeanPostProcessors (for example: not eligible for auto-proxying)]
[D: 2017-05-12 18:02:49,771] [P: INFO ] [C: ] [T: main] [L: org.springframework.context.support.PostProcessorRegistrationDelegate$BeanPostProcessorChecker] - [M: Bean 'jobRegistry' of type [class org.springframework.batch.core.configuration.support.MapJobRegistry] is not eligible for getting processed by all BeanPostProcessors (for example: not eligible for auto-proxying)]
[D: 2017-05-12 18:02:50,098] [P: INFO ] [C: ] [T: main] [L: org.springframework.boot.context.embedded.tomcat.TomcatEmbeddedServletContainer] - [M: Tomcat initialized with port(s): 8081 (http)]
[D: 2017-05-12 18:02:50,114] [P: INFO ] [C: ] [T: main] [L: org.apache.catalina.core.StandardService] - [M: Starting service Tomcat]
[D: 2017-05-12 18:02:50,114] [P: INFO ] [C: ] [T: main] [L: org.apache.catalina.core.StandardEngine] - [M: Starting Servlet Engine: Apache Tomcat/8.0.37]
[D: 2017-05-12 18:02:50,410] [P: INFO ] [C: ] [T: localhost-startStop-1] [L: org.apache.catalina.core.ContainerBase.[Tomcat].[localhost].[/oasp4j-sample-server]] - [M: Initializing Spring embedded WebApplicationContext]
[D: 2017-05-12 18:02:50,410] [P: INFO ] [C: ] [T: localhost-startStop-1] [L: org.springframework.web.context.ContextLoader] - [M: Root WebApplicationContext: initialization completed in 6685 ms]
[D: 2017-05-12 18:02:50,894] [P: INFO ] [C: ] [T: localhost-startStop-1] [L: org.springframework.boot.context.embedded.FilterRegistrationBean] - [M: Mapping filter: 'metricsFilter' to: [/*]]
[D: 2017-05-12 18:02:50,894] [P: INFO ] [C: ] [T: localhost-startStop-1] [L: org.springframework.boot.context.embedded.FilterRegistrationBean] - [M: Mapping filter: 'characterEncodingFilter' to: [/*]]
[D: 2017-05-12 18:02:50,894] [P: INFO ] [C: ] [T: localhost-startStop-1] [L: org.springframework.boot.context.embedded.FilterRegistrationBean] - [M: Mapping filter: 'hiddenHttpMethodFilter' to: [/*]]
[D: 2017-05-12 18:02:50,894] [P: INFO ] [C: ] [T: localhost-startStop-1] [L: org.springframework.boot.context.embedded.FilterRegistrationBean] - [M: Mapping filter: 'httpPutFormContentFilter' to: [/*]]
[D: 2017-05-12 18:02:50,894] [P: INFO ] [C: ] [T: localhost-startStop-1] [L: org.springframework.boot.context.embedded.FilterRegistrationBean] - [M: Mapping filter: 'requestContextFilter' to: [/*]]
[D: 2017-05-12 18:02:50,894] [P: INFO ] [C: ] [T: localhost-startStop-1] [L: org.springframework.boot.context.embedded.DelegatingFilterProxyRegistrationBean] - [M: Mapping filter: 'springSecurityFilterChain' to: [/*]]
[D: 2017-05-12 18:02:50,894] [P: INFO ] [C: ] [T: localhost-startStop-1] [L: org.springframework.boot.context.embedded.FilterRegistrationBean] - [M: Mapping filter: 'webRequestLoggingFilter' to: [/*]]
[D: 2017-05-12 18:02:50,894] [P: INFO ] [C: ] [T: localhost-startStop-1] [L: org.springframework.boot.context.embedded.FilterRegistrationBean] - [M: Mapping filter: 'performanceLogFilter' to urls: [/*]]
[D: 2017-05-12 18:02:50,894] [P: INFO ] [C: ] [T: localhost-startStop-1] [L: org.springframework.boot.context.embedded.FilterRegistrationBean] - [M: Mapping filter: 'diagnosticContextFilter' to urls: [/services/*]]
[D: 2017-05-12 18:02:50,894] [P: INFO ] [C: ] [T: localhost-startStop-1] [L: org.springframework.boot.context.embedded.FilterRegistrationBean] - [M: Mapping filter: 'setCharacterEncodingFilter' to urls: [/*]]
[D: 2017-05-12 18:02:50,894] [P: INFO ] [C: ] [T: localhost-startStop-1] [L: org.springframework.boot.context.embedded.FilterRegistrationBean] - [M: Mapping filter: 'applicationContextIdFilter' to: [/*]]
[D: 2017-05-12 18:02:50,894] [P: INFO ] [C: ] [T: localhost-startStop-1] [L: org.springframework.boot.context.embedded.ServletRegistrationBean] - [M: Mapping servlet: 'CXFServlet' to [/services/*]]
[D: 2017-05-12 18:02:50,894] [P: INFO ] [C: ] [T: localhost-startStop-1] [L: org.springframework.boot.context.embedded.ServletRegistrationBean] - [M: Mapping servlet: 'dispatcherServlet' to [/]]
[D: 2017-05-12 18:02:50,926] [P: INFO ] [C: ] [T: localhost-startStop-1] [L: io.oasp.module.logging.common.impl.DiagnosticContextFilter] - [M: Correlation ID header initialized to: X-Correlation-Id]
[D: 2017-05-12 18:02:51,160] [P: INFO ] [C: ] [T: localhost-startStop-1] [L: org.dozer.config.GlobalSettings] - [M: Trying to find Dozer configuration file: dozer.properties]
[D: 2017-05-12 18:02:51,176] [P: WARN ] [C: ] [T: localhost-startStop-1] [L: org.dozer.config.GlobalSettings] - [M: Dozer configuration file not found: dozer.properties.  Using defaults for all Dozer global properties.]
[D: 2017-05-12 18:02:51,176] [P: INFO ] [C: ] [T: localhost-startStop-1] [L: org.dozer.DozerInitializer] - [M: Initializing Dozer. Version: 5.5.0, Thread Name: localhost-startStop-1]
[D: 2017-05-12 18:02:51,176] [P: INFO ] [C: ] [T: localhost-startStop-1] [L: org.dozer.jmx.JMXPlatformImpl] - [M: Dozer JMX MBean [org.dozer.jmx:type=DozerStatisticsController] auto registered with the Platform MBean Server]
[D: 2017-05-12 18:02:51,191] [P: INFO ] [C: ] [T: localhost-startStop-1] [L: org.dozer.jmx.JMXPlatformImpl] - [M: Dozer JMX MBean [org.dozer.jmx:type=DozerAdminController] auto registered with the Platform MBean Server]
[D: 2017-05-12 18:02:51,191] [P: INFO ] [C: ] [T: localhost-startStop-1] [L: org.dozer.DozerBeanMapper] - [M: Initializing a new instance of dozer bean mapper.]
[D: 2017-05-12 18:02:51,753] [P: INFO ] [C: ] [T: localhost-startStop-1] [L: org.springframework.security.web.DefaultSecurityFilterChain] - [M: Creating filter chain: OrRequestMatcher [requestMatchers=[Ant [pattern='/css/**'], Ant [pattern='/js/**'], Ant [pattern='/images/**'], Ant [pattern='/**/favicon.ico'], Ant [pattern='/error']]], []]
[D: 2017-05-12 18:02:51,847] [P: INFO ] [C: ] [T: localhost-startStop-1] [L: org.springframework.security.web.DefaultSecurityFilterChain] - [M: Creating filter chain: org.springframework.security.web.util.matcher.AnyRequestMatcher@1, [org.springframework.security.web.context.request.async.WebAsyncManagerIntegrationFilter@61c023dd, org.springframework.security.web.context.SecurityContextPersistenceFilter@fd111eb, org.springframework.security.web.header.HeaderWriterFilter@4468bf83, org.springframework.security.web.csrf.CsrfFilter@11a0617a, org.springframework.security.web.authentication.logout.LogoutFilter@2203acbe, org.springframework.security.web.authentication.logout.LogoutFilter@18358bbe, org.springframework.security.web.authentication.UsernamePasswordAuthenticationFilter@b501feb, org.springframework.security.web.authentication.ui.DefaultLoginPageGeneratingFilter@4c7292b6, io.oasp.module.security.common.impl.rest.JsonUsernamePasswordAuthenticationFilter@51f3b805, org.springframework.security.web.savedrequest.RequestCacheAwareFilter@4256b599, org.springframework.security.web.servletapi.SecurityContextHolderAwareRequestFilter@6003180a, org.springframework.security.web.authentication.AnonymousAuthenticationFilter@e7ff459, org.springframework.security.web.session.SessionManagementFilter@5f34f14b, org.springframework.security.web.access.ExceptionTranslationFilter@37190b05, org.springframework.security.web.access.intercept.FilterSecurityInterceptor@5aa98de2]]
[D: 2017-05-12 18:02:51,862] [P: INFO ] [C: ] [T: localhost-startStop-1] [L: org.springframework.security.web.DefaultSecurityFilterChain] - [M: Creating filter chain: org.springframework.boot.actuate.autoconfigure.ManagementWebSecurityAutoConfiguration$LazyEndpointPathRequestMatcher@70e20d10, [org.springframework.security.web.context.request.async.WebAsyncManagerIntegrationFilter@6944c5c4, org.springframework.security.web.context.SecurityContextPersistenceFilter@307de3ef, org.springframework.security.web.header.HeaderWriterFilter@526f1ba4, org.springframework.security.web.authentication.logout.LogoutFilter@34f89432, org.springframework.security.web.authentication.www.BasicAuthenticationFilter@1cf85a03, org.springframework.security.web.savedrequest.RequestCacheAwareFilter@73814d41, org.springframework.security.web.servletapi.SecurityContextHolderAwareRequestFilter@5999daae, org.springframework.security.web.authentication.AnonymousAuthenticationFilter@37b2b2ad, org.springframework.security.web.session.SessionManagementFilter@76c379e6, org.springframework.security.web.access.ExceptionTranslationFilter@520237a6, org.springframework.security.web.access.intercept.FilterSecurityInterceptor@2ab67131]]
[D: 2017-05-12 18:02:52,283] [P: INFO ] [C: ] [T: main] [L: org.springframework.batch.core.repository.support.JobRepositoryFactoryBean] - [M: No database type set, using meta data indicating: H2]
[D: 2017-05-12 18:02:52,394] [P: INFO ] [C: ] [T: main] [L: org.springframework.batch.core.launch.support.SimpleJobLauncher] - [M: No TaskExecutor has been set, defaulting to synchronous executor.]
[D: 2017-05-12 18:02:53,080] [P: INFO ] [C: ] [T: main] [L: org.apache.cxf.endpoint.ServerImpl] - [M: Setting the server's publish address to be /rest]
[D: 2017-05-12 18:02:53,189] [P: INFO ] [C: ] [T: main] [L: org.apache.cxf.wsdl.service.factory.ReflectionServiceFactoryBean] - [M: Creating Service {http://v1_0.ws.impl.service.tablemanagement.restaurant.gastronomy.oasp.io/}TablemanagementWebServiceImplService from class io.oasp.gastronomy.restaurant.tablemanagement.service.api.ws.v1_0.TablemanagmentWebService]
[D: 2017-05-12 18:02:53,596] [P: INFO ] [C: ] [T: main] [L: org.apache.cxf.endpoint.ServerImpl] - [M: Setting the server's publish address to be /TablemanagementWebService]
[D: 2017-05-12 18:02:53,627] [P: INFO ] [C: ] [T: main] [L: org.springframework.scheduling.concurrent.ThreadPoolTaskExecutor] - [M: Initializing ExecutorService  'clientInboundChannelExecutor']
[D: 2017-05-12 18:02:53,627] [P: INFO ] [C: ] [T: main] [L: org.springframework.scheduling.concurrent.ThreadPoolTaskExecutor] - [M: Initializing ExecutorService  'clientOutboundChannelExecutor']
[D: 2017-05-12 18:02:53,643] [P: INFO ] [C: ] [T: main] [L: org.springframework.scheduling.concurrent.ThreadPoolTaskScheduler] - [M: Initializing ExecutorService  'messageBrokerTaskScheduler']
[D: 2017-05-12 18:02:53,705] [P: INFO ] [C: ] [T: main] [L: org.springframework.web.socket.server.support.WebSocketHandlerMapping] - [M: Mapped URL path [/websocket/positions/**] onto handler of type [class org.springframework.web.socket.sockjs.support.SockJsHttpRequestHandler]]
[D: 2017-05-12 18:02:53,705] [P: INFO ] [C: ] [T: main] [L: org.springframework.scheduling.concurrent.ThreadPoolTaskExecutor] - [M: Initializing ExecutorService  'brokerChannelExecutor']
[D: 2017-05-12 18:02:53,799] [P: INFO ] [C: ] [T: main] [L: org.springframework.web.socket.messaging.WebSocketAnnotationMethodMessageHandler] - [M: Mapped "{[/positions],messageType=[MESSAGE]}" onto public io.oasp.gastronomy.restaurant.salesmanagement.service.api.websocket.PositionStatusChangeTo io.oasp.gastronomy.restaurant.salesmanagement.service.impl.websocket.OrderPositionWebSocketController.statusChanged(io.oasp.gastronomy.restaurant.salesmanagement.service.api.websocket.PositionStatusChangeTo)]
[D: 2017-05-12 18:02:53,892] [P: INFO ] [C: ] [T: main] [L: org.springframework.web.servlet.mvc.method.annotation.RequestMappingHandlerAdapter] - [M: Looking for @ControllerAdvice: org.springframework.boot.context.embedded.AnnotationConfigEmbeddedWebApplicationContext@54c562f7: startup date [Fri May 12 18:02:43 CEST 2017]; root of context hierarchy]
[D: 2017-05-12 18:02:53,955] [P: INFO ] [C: ] [T: main] [L: org.springframework.web.servlet.mvc.method.annotation.RequestMappingHandlerMapping] - [M: Mapped "{[/login**],methods=[GET]}" onto public org.springframework.web.servlet.ModelAndView io.oasp.gastronomy.restaurant.general.gui.api.LoginController.login(boolean,boolean,boolean,boolean)]
[D: 2017-05-12 18:02:53,955] [P: INFO ] [C: ] [T: main] [L: org.springframework.web.servlet.mvc.method.annotation.RequestMappingHandlerMapping] - [M: Mapped "{[/error]}" onto public org.springframework.http.ResponseEntity<java.util.Map<java.lang.String, java.lang.Object>> org.springframework.boot.autoconfigure.web.BasicErrorController.error(javax.servlet.http.HttpServletRequest)]
[D: 2017-05-12 18:02:53,955] [P: INFO ] [C: ] [T: main] [L: org.springframework.web.servlet.mvc.method.annotation.RequestMappingHandlerMapping] - [M: Mapped "{[/error],produces=[text/html]}" onto public org.springframework.web.servlet.ModelAndView org.springframework.boot.autoconfigure.web.BasicErrorController.errorHtml(javax.servlet.http.HttpServletRequest,javax.servlet.http.HttpServletResponse)]
[D: 2017-05-12 18:02:53,970] [P: INFO ] [C: ] [T: main] [L: org.springframework.web.servlet.config.annotation.WebMvcConfigurerAdapter] - [M: Adding welcome page: class path resource [static/index.html]]
[D: 2017-05-12 18:02:53,970] [P: INFO ] [C: ] [T: main] [L: org.springframework.web.servlet.handler.SimpleUrlHandlerMapping] - [M: Root mapping to handler of type [class org.springframework.web.servlet.mvc.ParameterizableViewController]]
[D: 2017-05-12 18:02:53,986] [P: INFO ] [C: ] [T: main] [L: org.springframework.web.servlet.handler.SimpleUrlHandlerMapping] - [M: Mapped URL path [/webjars/**] onto handler of type [class org.springframework.web.servlet.resource.ResourceHttpRequestHandler]]
[D: 2017-05-12 18:02:53,986] [P: INFO ] [C: ] [T: main] [L: org.springframework.web.servlet.handler.SimpleUrlHandlerMapping] - [M: Mapped URL path [/**] onto handler of type [class org.springframework.web.servlet.resource.ResourceHttpRequestHandler]]
[D: 2017-05-12 18:02:54,017] [P: INFO ] [C: ] [T: main] [L: org.springframework.web.servlet.handler.SimpleUrlHandlerMapping] - [M: Mapped URL path [/**/favicon.ico] onto handler of type [class org.springframework.web.servlet.resource.ResourceHttpRequestHandler]]
[D: 2017-05-12 18:02:54,204] [P: INFO ] [C: ] [T: main] [L: org.springframework.beans.factory.config.PropertiesFactoryBean] - [M: Loading properties file from URL [jar:file:/C:/Projects/AppsEvolve/devon-training/conf/.m2/repository/org/springframework/integration/spring-integration-core/4.2.9.RELEASE/spring-integration-core-4.2.9.RELEASE.jar!/META-INF/spring.integration.default.properties]]
[D: 2017-05-12 18:02:54,235] [P: INFO ] [C: ] [T: main] [L: org.springframework.scheduling.concurrent.ThreadPoolTaskScheduler] - [M: Initializing ExecutorService  'taskScheduler']
[D: 2017-05-12 18:02:54,469] [P: INFO ] [C: ] [T: main] [L: org.springframework.boot.actuate.endpoint.mvc.EndpointHandlerMapping] - [M: Mapped "{[/flyway  |  |  /flyway.json],methods=[GET],produces=[application/json]}" onto public java.lang.Object org.springframework.boot.actuate.endpoint.mvc.EndpointMvcAdapter.invoke()]
[D: 2017-05-12 18:02:54,469] [P: INFO ] [C: ] [T: main] [L: org.springframework.boot.actuate.endpoint.mvc.EndpointHandlerMapping] - [M: Mapped "{[/env/{name:.*}],methods=[GET],produces=[application/json]}" onto public java.lang.Object org.springframework.boot.actuate.endpoint.mvc.EnvironmentMvcEndpoint.value(java.lang.String)]
[D: 2017-05-12 18:02:54,469] [P: INFO ] [C: ] [T: main] [L: org.springframework.boot.actuate.endpoint.mvc.EndpointHandlerMapping] - [M: Mapped "{[/env  |  |  /env.json],methods=[GET],produces=[application/json]}" onto public java.lang.Object org.springframework.boot.actuate.endpoint.mvc.EndpointMvcAdapter.invoke()]
[D: 2017-05-12 18:02:54,469] [P: INFO ] [C: ] [T: main] [L: org.springframework.boot.actuate.endpoint.mvc.EndpointHandlerMapping] - [M: Mapped "{[/configprops  |  |  /configprops.json],methods=[GET],produces=[application/json]}" onto public java.lang.Object org.springframework.boot.actuate.endpoint.mvc.EndpointMvcAdapter.invoke()]
[D: 2017-05-12 18:02:54,470] [P: INFO ] [C: ] [T: main] [L: org.springframework.boot.actuate.endpoint.mvc.EndpointHandlerMapping] - [M: Mapped "{[/trace  |  |  /trace.json],methods=[GET],produces=[application/json]}" onto public java.lang.Object org.springframework.boot.actuate.endpoint.mvc.EndpointMvcAdapter.invoke()]
[D: 2017-05-12 18:02:54,470] [P: INFO ] [C: ] [T: main] [L: org.springframework.boot.actuate.endpoint.mvc.EndpointHandlerMapping] - [M: Mapped "{[/autoconfig  |  |  /autoconfig.json],methods=[GET],produces=[application/json]}" onto public java.lang.Object org.springframework.boot.actuate.endpoint.mvc.EndpointMvcAdapter.invoke()]
[D: 2017-05-12 18:02:54,470] [P: INFO ] [C: ] [T: main] [L: org.springframework.boot.actuate.endpoint.mvc.EndpointHandlerMapping] - [M: Mapped "{[/dump  |  |  /dump.json],methods=[GET],produces=[application/json]}" onto public java.lang.Object org.springframework.boot.actuate.endpoint.mvc.EndpointMvcAdapter.invoke()]
[D: 2017-05-12 18:02:54,470] [P: INFO ] [C: ] [T: main] [L: org.springframework.boot.actuate.endpoint.mvc.EndpointHandlerMapping] - [M: Mapped "{[/metrics/{name:.*}],methods=[GET],produces=[application/json]}" onto public java.lang.Object org.springframework.boot.actuate.endpoint.mvc.MetricsMvcEndpoint.value(java.lang.String)]
[D: 2017-05-12 18:02:54,470] [P: INFO ] [C: ] [T: main] [L: org.springframework.boot.actuate.endpoint.mvc.EndpointHandlerMapping] - [M: Mapped "{[/metrics  |  |  /metrics.json],methods=[GET],produces=[application/json]}" onto public java.lang.Object org.springframework.boot.actuate.endpoint.mvc.EndpointMvcAdapter.invoke()]
[D: 2017-05-12 18:02:54,470] [P: INFO ] [C: ] [T: main] [L: org.springframework.boot.actuate.endpoint.mvc.EndpointHandlerMapping] - [M: Mapped "{[/beans  |  |  /beans.json],methods=[GET],produces=[application/json]}" onto public java.lang.Object org.springframework.boot.actuate.endpoint.mvc.EndpointMvcAdapter.invoke()]
[D: 2017-05-12 18:02:54,470] [P: INFO ] [C: ] [T: main] [L: org.springframework.boot.actuate.endpoint.mvc.EndpointHandlerMapping] - [M: Mapped "{[/health  |  |  /health.json],produces=[application/json]}" onto public java.lang.Object org.springframework.boot.actuate.endpoint.mvc.HealthMvcEndpoint.invoke(java.security.Principal)]
[D: 2017-05-12 18:02:54,470] [P: INFO ] [C: ] [T: main] [L: org.springframework.boot.actuate.endpoint.mvc.EndpointHandlerMapping] - [M: Mapped "{[/mappings  |  |  /mappings.json],methods=[GET],produces=[application/json]}" onto public java.lang.Object org.springframework.boot.actuate.endpoint.mvc.EndpointMvcAdapter.invoke()]
[D: 2017-05-12 18:02:54,470] [P: INFO ] [C: ] [T: main] [L: org.springframework.boot.actuate.endpoint.mvc.EndpointHandlerMapping] - [M: Mapped "{[/info  |  |  /info.json],methods=[GET],produces=[application/json]}" onto public java.lang.Object org.springframework.boot.actuate.endpoint.mvc.EndpointMvcAdapter.invoke()]
[D: 2017-05-12 18:02:54,533] [P: WARN ] [C: ] [T: main] [L: org.springframework.boot.autoconfigure.batch.BasicBatchConfigurer] - [M: JPA does not support custom isolation levels, so locks may not be taken when launching Jobs]
[D: 2017-05-12 18:02:54,533] [P: INFO ] [C: ] [T: main] [L: org.springframework.batch.core.repository.support.JobRepositoryFactoryBean] - [M: No database type set, using meta data indicating: H2]
[D: 2017-05-12 18:02:54,533] [P: INFO ] [C: ] [T: main] [L: org.springframework.batch.core.launch.support.SimpleJobLauncher] - [M: No TaskExecutor has been set, defaulting to synchronous executor.]
[D: 2017-05-12 18:02:54,564] [P: INFO ] [C: ] [T: main] [L: org.springframework.jdbc.datasource.init.ScriptUtils] - [M: Executing SQL script from class path resource [org/springframework/batch/core/schema-h2.sql]]
[D: 2017-05-12 18:02:54,564] [P: INFO ] [C: ] [T: main] [L: org.springframework.jdbc.datasource.init.ScriptUtils] - [M: Executed SQL script from class path resource [org/springframework/batch/core/schema-h2.sql] in 0 ms.]
[D: 2017-05-12 18:02:54,704] [P: INFO ] [C: ] [T: main] [L: org.springframework.jmx.export.annotation.AnnotationMBeanExporter] - [M: Registering beans for JMX exposure on startup]
[D: 2017-05-12 18:02:54,704] [P: INFO ] [C: ] [T: main] [L: org.springframework.boot.actuate.endpoint.jmx.EndpointMBeanExporter] - [M: Registering beans for JMX exposure on startup]
[D: 2017-05-12 18:02:54,704] [P: INFO ] [C: ] [T: main] [L: org.springframework.context.support.DefaultLifecycleProcessor] - [M: Starting beans in phase 0]
[D: 2017-05-12 18:02:54,720] [P: INFO ] [C: ] [T: main] [L: org.springframework.boot.actuate.endpoint.jmx.EndpointMBeanExporter] - [M: Located managed bean 'requestMappingEndpoint': registering with JMX server as MBean [org.springframework.boot:type=Endpoint,name=requestMappingEndpoint]]
[D: 2017-05-12 18:02:54,736] [P: INFO ] [C: ] [T: main] [L: org.springframework.boot.actuate.endpoint.jmx.EndpointMBeanExporter] - [M: Located managed bean 'flywayEndpoint': registering with JMX server as MBean [org.springframework.boot:type=Endpoint,name=flywayEndpoint]]
[D: 2017-05-12 18:02:54,736] [P: INFO ] [C: ] [T: main] [L: org.springframework.boot.actuate.endpoint.jmx.EndpointMBeanExporter] - [M: Located managed bean 'environmentEndpoint': registering with JMX server as MBean [org.springframework.boot:type=Endpoint,name=environmentEndpoint]]
[D: 2017-05-12 18:02:54,751] [P: INFO ] [C: ] [T: main] [L: org.springframework.boot.actuate.endpoint.jmx.EndpointMBeanExporter] - [M: Located managed bean 'healthEndpoint': registering with JMX server as MBean [org.springframework.boot:type=Endpoint,name=healthEndpoint]]
[D: 2017-05-12 18:02:54,751] [P: INFO ] [C: ] [T: main] [L: org.springframework.boot.actuate.endpoint.jmx.EndpointMBeanExporter] - [M: Located managed bean 'beansEndpoint': registering with JMX server as MBean [org.springframework.boot:type=Endpoint,name=beansEndpoint]]
[D: 2017-05-12 18:02:54,751] [P: INFO ] [C: ] [T: main] [L: org.springframework.boot.actuate.endpoint.jmx.EndpointMBeanExporter] - [M: Located managed bean 'infoEndpoint': registering with JMX server as MBean [org.springframework.boot:type=Endpoint,name=infoEndpoint]]
[D: 2017-05-12 18:02:54,751] [P: INFO ] [C: ] [T: main] [L: org.springframework.boot.actuate.endpoint.jmx.EndpointMBeanExporter] - [M: Located managed bean 'metricsEndpoint': registering with JMX server as MBean [org.springframework.boot:type=Endpoint,name=metricsEndpoint]]
[D: 2017-05-12 18:02:54,751] [P: INFO ] [C: ] [T: main] [L: org.springframework.boot.actuate.endpoint.jmx.EndpointMBeanExporter] - [M: Located managed bean 'traceEndpoint': registering with JMX server as MBean [org.springframework.boot:type=Endpoint,name=traceEndpoint]]
[D: 2017-05-12 18:02:54,767] [P: INFO ] [C: ] [T: main] [L: org.springframework.boot.actuate.endpoint.jmx.EndpointMBeanExporter] - [M: Located managed bean 'dumpEndpoint': registering with JMX server as MBean [org.springframework.boot:type=Endpoint,name=dumpEndpoint]]
[D: 2017-05-12 18:02:54,767] [P: INFO ] [C: ] [T: main] [L: org.springframework.boot.actuate.endpoint.jmx.EndpointMBeanExporter] - [M: Located managed bean 'autoConfigurationReportEndpoint': registering with JMX server as MBean [org.springframework.boot:type=Endpoint,name=autoConfigurationReportEndpoint]]
[D: 2017-05-12 18:02:54,767] [P: INFO ] [C: ] [T: main] [L: org.springframework.boot.actuate.endpoint.jmx.EndpointMBeanExporter] - [M: Located managed bean 'configurationPropertiesReportEndpoint': registering with JMX server as MBean [org.springframework.boot:type=Endpoint,name=configurationPropertiesReportEndpoint]]
[D: 2017-05-12 18:02:54,767] [P: INFO ] [C: ] [T: main] [L: org.springframework.integration.endpoint.EventDrivenConsumer] - [M: Adding {logging-channel-adapter:_org.springframework.integration.errorLogger} as a subscriber to the 'errorChannel' channel]
[D: 2017-05-12 18:02:54,767] [P: INFO ] [C: ] [T: main] [L: org.springframework.integration.channel.PublishSubscribeChannel] - [M: Channel 'restaurant:h2mem:8081.errorChannel' has 1 subscriber(s).]
[D: 2017-05-12 18:02:54,767] [P: INFO ] [C: ] [T: main] [L: org.springframework.integration.endpoint.EventDrivenConsumer] - [M: started _org.springframework.integration.errorLogger]
[D: 2017-05-12 18:02:54,767] [P: INFO ] [C: ] [T: main] [L: org.springframework.context.support.DefaultLifecycleProcessor] - [M: Starting beans in phase 2147483647]
[D: 2017-05-12 18:02:54,767] [P: INFO ] [C: ] [T: main] [L: org.springframework.messaging.simp.broker.SimpleBrokerMessageHandler] - [M: Starting...]
[D: 2017-05-12 18:02:54,767] [P: INFO ] [C: ] [T: main] [L: org.springframework.messaging.simp.broker.SimpleBrokerMessageHandler] - [M: BrokerAvailabilityEvent[available=true, SimpleBrokerMessageHandler [DefaultSubscriptionRegistry[cache[0 destination(s)], registry[0 sessions]]]]]
[D: 2017-05-12 18:02:54,767] [P: INFO ] [C: ] [T: main] [L: org.springframework.messaging.simp.broker.SimpleBrokerMessageHandler] - [M: Started.]
[D: 2017-05-12 18:02:54,798] [P: INFO ] [C: ] [T: main] [L: org.apache.coyote.http11.Http11NioProtocol] - [M: Initializing ProtocolHandler ["http-nio-8081"]]
[D: 2017-05-12 18:02:54,814] [P: INFO ] [C: ] [T: main] [L: org.apache.coyote.http11.Http11NioProtocol] - [M: Starting ProtocolHandler ["http-nio-8081"]]
[D: 2017-05-12 18:02:54,814] [P: INFO ] [C: ] [T: main] [L: org.apache.tomcat.util.net.NioSelectorPool] - [M: Using a shared selector for servlet write/read]
[D: 2017-05-12 18:02:54,845] [P: INFO ] [C: ] [T: main] [L: org.springframework.boot.context.embedded.tomcat.TomcatEmbeddedServletContainer] - [M: Tomcat started on port(s): 8081 (http)]
[D: 2017-05-12 18:02:54,860] [P: INFO ] [C: ] [T: main] [L: io.oasp.gastronomy.restaurant.SpringBootApp] - [M: Started SpringBootApp in 11.496 seconds (JVM running for 12.468)]
